[23:37:23] [Global]  * Next map will be a Challenge on Lemon: Running Away 2
[23:39:55] [Global]  ★ REACTION TEST ★ Not enough players!
[23:42:30] [Lemon] Bonsai came here from ,   ()
[23:42:30] [Lemon] Going-Down3 (by Hedning). Type: Oldschool. Played 8 times. Price: $8000. No Owner
[23:42:53] [Lemon] Wiu Wiu Wiu! Bonsai is behing chased for shortcutting!
[23:43:01] [Lemon] Bonsai started a random map!
[23:43:01] [Lemon] Sun (by [FOTL]Ryan feat. Bonsiak). Type: Oldschool. Played 238 times. Price: $257000. No Owner
[23:43:05] [Lemon] Wiu Wiu Wiu! Bonsai is behing chased for shortcutting!
[23:43:12] [Lemon] Wiu Wiu Wiu! Bonsai is behing chased for shortcutting!
[23:43:28] [Lemon] Bonsai came here from ,   ()
[23:43:28] [Lemon] * This map is a Challenge! Top 3 players will earn a prize!
[23:43:28] [Lemon] Running Away 2 (by [FOTL]Ryan and Bonsiak). Type: Oldschool. Played 165 times. Price: $171000. Jathu^[INT]
[23:43:32] [Lemon] Bonsai disabled AFK Detector!
[23:43:33] [Global]  ★ REACTION TEST ★ Not enough players!
[23:44:01] [Lemon] Wiu Wiu Wiu! Bonsai is behing chased for shortcutting!
[23:45:07] [Lemon] Wiu Wiu Wiu! Bonsai is behing chased for shortcutting!
[23:46:55] [Global]  ★ REACTION TEST ★ Not enough players!
[23:50:32] [Global]  ★ REACTION TEST ★ Not enough players!
[23:54:25] [Lemon] Wiu Wiu Wiu! Bonsai is behing chased for shortcutting!
[23:54:27] [Global]  ★ REACTION TEST ★ Not enough players!
[23:57:23] [Global]  * Next Challenge in: 0h 09m 59s on Red!
[23:57:55] [Lemon] Wiu Wiu Wiu! Bonsai is behing chased for shortcutting!
[23:58:00] [Freeroam] Bonsai came here from ,   ()
[23:58:23] [Global]  ★ REACTION TEST ★ Not enough players!
[23:58:41] [Freeroam] Wiu Wiu Wiu! Bonsai is behing chased for shortcutting!
[23:59:07] [Freeroam] Wiu Wiu Wiu! Bonsai is behing chased for shortcutting!
[23:59:33] [Freeroam] Command Flood: Bonsai kicked!
