[00:01:14] [Freeroam] Bonsai came here from ,   ()
[00:02:08] [Global]  ★ REACTION TEST ★ Not enough players!
[00:05:36] [Lemon] Bonsai came here from ,   ()
[00:05:36] [Lemon] Going-Down3 (by Hedning). Type: Oldschool. Played 9 times. Price: $9000. No Owner
[00:05:41] [Freeroam] Bonsai came here from ,   ()
[00:06:04] [Global]  ★ REACTION TEST ★ Not enough players!
[00:06:23] [Global]  * Next Challenge in: 0h 00m 59s on Red!
[00:07:23] [Global]  * Next map will be a Challenge on Red: RocK N Roll DD
[00:09:12] [Global]  ★ REACTION TEST ★ Not enough players!
[00:09:13] [Freeroam] Bonsai came here from ,   ()
[00:10:03] [Freeroam] Wiu Wiu Wiu! Bonsai is behing chased for shortcutting!
[00:12:06] [Freeroam] Wiu Wiu Wiu! Bonsai is behing chased for shortcutting!
[00:12:38] [Freeroam] Wiu Wiu Wiu! Bonsai is behing chased for shortcutting!
[00:12:49] [Lemon] Bonsai came here from ,   ()
[00:12:49] [Lemon] Vortex 6 DD Until Its Perfect (by Vortex). Type: Oldschool. Played 455 times. Price: $455000. No Owner
[00:12:55] [Global]  ★ REACTION TEST ★ Not enough players!
[00:13:01] [Lemon] Wiu Wiu Wiu! Bonsai is behing chased for shortcutting!
[00:13:29] [Lemon] Wiu Wiu Wiu! Bonsai is behing chased for shortcutting!
[16:16:57] [Global]  * Next map will be a Challenge on Lemon: Running Away 2
[16:19:56] [Global]  ★ REACTION TEST ★ Not enough players!
[16:22:00] [Global]  * Next map will be a Challenge on Lemon: Moonlight in Vodka
[16:24:42] [Global]  ★ REACTION TEST ★ Not enough players!
[16:27:59] [Global]  ★ REACTION TEST ★ Not enough players!
[16:32:56] [Global]  * Next map will be a Challenge on Lemon: Moonlight in Vodka
[16:35:35] [Global]  ★ REACTION TEST ★ Not enough players!
[16:38:39] [Global]  ★ REACTION TEST ★ Not enough players!
[19:12:49] [Global]  * Next map will be a Challenge on Lemon: Sun
[19:15:16] [Global]  ★ REACTION TEST ★ Not enough players!
[19:18:48] [Global]  ★ REACTION TEST ★ Not enough players!
[19:22:48] [Global]  ★ REACTION TEST ★ Not enough players!
[19:26:47] [Global]  ★ REACTION TEST ★ Not enough players!
[19:30:45] [Global]  ★ REACTION TEST ★ Not enough players!
[19:32:49] [Global]  * Next Challenge in: 0h 09m 59s on Red!
[19:34:15] [Global]  ★ REACTION TEST ★ Not enough players!
[19:38:09] [Global]  ★ REACTION TEST ★ Not enough players!
[19:41:27] [Global]  ★ REACTION TEST ★ Not enough players!
[19:41:49] [Global]  * Next Challenge in: 0h 00m 59s on Red!
[19:42:49] [Global]  * Next map will be a Challenge on Red: BMX 3 DD
[19:44:28] [Global]  ★ REACTION TEST ★ Not enough players!
[19:47:32] [Global]  ★ REACTION TEST ★ Not enough players!
[19:50:38] [Global]  ★ REACTION TEST ★ Not enough players!
[19:53:57] [Global]  ★ REACTION TEST ★ Not enough players!
[19:57:46] [Global]  ★ REACTION TEST ★ Not enough players!
[20:01:38] [Global]  ★ REACTION TEST ★ Not enough players!
[20:02:49] [Global]  * Next Challenge in: 0h 09m 59s on Night!
[20:04:52] [Global]  ★ REACTION TEST ★ Not enough players!
[20:08:32] [Global]  ★ REACTION TEST ★ Not enough players!
[20:11:44] [Global]  ★ REACTION TEST ★ Not enough players!
[20:11:49] [Global]  * Next Challenge in: 0h 00m 59s on Night!
[20:12:49] [Global]  * Next map will be a Challenge on Night: Railway Hood
[20:15:42] [Global]  ★ REACTION TEST ★ Not enough players!
[20:18:44] [Global]  ★ REACTION TEST ★ Not enough players!
[20:22:38] [Global]  ★ REACTION TEST ★ Not enough players!
[20:26:21] [Global]  ★ REACTION TEST ★ Not enough players!
[20:29:37] [Global]  ★ REACTION TEST ★ Not enough players!
[20:32:49] [Global]  * Next Challenge in: 0h 09m 59s on Pink!
[20:32:50] [Global]  ★ REACTION TEST ★ Not enough players!
[20:36:05] [Global]  ★ REACTION TEST ★ Not enough players!
[20:39:21] [Global]  ★ REACTION TEST ★ Not enough players!
[20:41:49] [Global]  * Next Challenge in: 0h 00m 59s on Pink!
[20:42:49] [Global]  * Next map will be a Challenge on Pink: [RACE] southwood
[20:43:13] [Global]  ★ REACTION TEST ★ Not enough players!
[20:46:58] [Global]  ★ REACTION TEST ★ Not enough players!
[20:50:41] [Global]  ★ REACTION TEST ★ Not enough players!
[20:54:12] [Global]  ★ REACTION TEST ★ Not enough players!
[20:57:12] [Global]  ★ REACTION TEST ★ Not enough players!
[21:01:03] [Global]  ★ REACTION TEST ★ Not enough players!
[21:02:49] [Global]  * Next Challenge in: 0h 09m 59s on Dynamic!
[21:04:48] [Global]  ★ REACTION TEST ★ Not enough players!
[21:08:44] [Global]  ★ REACTION TEST ★ Not enough players!
[21:11:49] [Global]  * Next Challenge in: 0h 00m 59s on Dynamic!
[21:12:13] [Global]  ★ REACTION TEST ★ Not enough players!
[21:12:49] [Global]  * Next map will be a Challenge on Dynamic: Yessica
[21:16:07] [Global]  ★ REACTION TEST ★ Not enough players!
[21:19:56] [Global]  ★ REACTION TEST ★ Not enough players!
[21:23:31] [Global]  ★ REACTION TEST ★ Not enough players!
[21:26:56] [Global]  ★ REACTION TEST ★ Not enough players!
[21:30:50] [Global]  ★ REACTION TEST ★ Not enough players!
[21:32:49] [Global]  * Next Challenge in: 0h 09m 59s on Lemon!
[21:34:24] [Global]  ★ REACTION TEST ★ Not enough players!
[21:37:48] [Global]  ★ REACTION TEST ★ Not enough players!
[21:41:19] [Global]  ★ REACTION TEST ★ Not enough players!
[21:41:49] [Global]  * Next Challenge in: 0h 00m 59s on Lemon!
[21:42:49] [Global]  * Next map will be a Challenge on Lemon: Going-Down3
[21:44:51] [Global]  ★ REACTION TEST ★ Not enough players!
[21:48:02] [Global]  ★ REACTION TEST ★ Not enough players!
[21:51:06] [Global]  ★ REACTION TEST ★ Not enough players!
[21:54:09] [Global]  ★ REACTION TEST ★ Not enough players!
[21:57:43] [Global]  ★ REACTION TEST ★ Not enough players!
[22:01:30] [Global]  ★ REACTION TEST ★ Not enough players!
[22:02:49] [Global]  * Next Challenge in: 0h 09m 59s on Red!
[22:04:38] [Global]  ★ REACTION TEST ★ Not enough players!
[22:08:17] [Global]  ★ REACTION TEST ★ Not enough players!
[22:11:29] [Global]  ★ REACTION TEST ★ Not enough players!
[22:11:49] [Global]  * Next Challenge in: 0h 00m 59s on Red!
[22:12:49] [Global]  * Next map will be a Challenge on Red: Stop Racism
[22:15:03] [Global]  ★ REACTION TEST ★ Not enough players!
[22:18:09] [Global]  ★ REACTION TEST ★ Not enough players!
[22:21:46] [Global]  ★ REACTION TEST ★ Not enough players!
[22:25:09] [Global]  ★ REACTION TEST ★ Not enough players!
[22:28:20] [Global]  ★ REACTION TEST ★ Not enough players!
