[01:38:38] [Global]  * Next map will be a Challenge on Lemon: Sun
[01:40:38] [Global]  ★ REACTION TEST ★ Not enough players!
[01:43:39] [Global]  ★ REACTION TEST ★ Not enough players!
[01:46:55] [Global]  ★ REACTION TEST ★ Not enough players!
[01:50:51] [Global]  ★ REACTION TEST ★ Not enough players!
[01:52:46] [Lemon] Bonsai came here from ,   ()
[01:52:47] [Lemon] Vortex 6 DD Until Its Perfect (by Vortex). Type: Oldschool. Played 456 times. Price: $456000. No Owner
[01:52:48] [Lemon] ff0000[Admin]Bonsai: a
[01:53:20] [Lemon] Bonsai came here from ,   ()
[01:53:20] [Lemon] Moonlight in Vodka (by Scorpion ft. Sealine). Type: Oldschool. Played 727 times. Price: $732000. [SoL]-_-
[01:53:21] [Lemon] [Admin] Bonsai: aaa
[01:53:25] [Global] Bonsai: aa
[01:53:41] [Global] Bonsai: aa
[01:54:12] [Global]  * Next map will be a Challenge on Lemon: Running Away 2
[01:56:03] [Lemon] Bonsai came here from ,   ()
[01:56:03] [Lemon] Sun (by [FOTL]Ryan feat. Bonsiak). Type: Oldschool. Played 257 times. Price: $276000. No Owner
[01:56:05] [Lemon] [Admin] Bonsai: aa
[01:56:07] [Lemon] [Admin] Bonsai: :1
[01:56:09] [Lemon] [Admin] Bonsai: :1:
[01:56:16] [Lemon] [Admin] Bonsai: :12:
[01:56:26] [Lemon] [Admin] Bonsai: a
[01:56:57] [Global]  * Next map will be a Challenge on Lemon: Sun
[01:56:58] [Lemon] AFK Detector: Bonsai destroyed!
[01:57:04] [Lemon] * This map is a Challenge! Top 3 players will earn a prize!
[01:57:04] [Lemon] Sun (by [FOTL]Ryan feat. Bonsiak). Type: Oldschool. Played 258 times. Price: $277000. No Owner
[01:57:11] [Lemon] Bonsai came here from ,   ()
[01:57:11] [Lemon] Vortex 6 DD Until Its Perfect (by Vortex). Type: Oldschool. Played 457 times. Price: $457000. No Owner
[01:57:12] [Lemon] [Admin] Bonsai: :1:
[01:57:37] [Lemon] AFK Detector: Bonsai destroyed!
[01:57:50] [Lemon] Vortex 6 DD Until Its Perfect (by Vortex). Type: Oldschool. Played 458 times. Price: $458000. No Owner
[01:58:13] [Lemon] Bonsai came here from ,   ()
[01:58:13] [Lemon] Going-Down3 (by Hedning). Type: Oldschool. Played 10 times. Price: $10000. No Owner
[01:58:15] [Global] Bonsai: :1:
[01:58:17] [Lemon] [Admin] Bonsai: :1:
[01:59:06] [Global]  * Next map will be a Challenge on Lemon: Sun
[01:59:08] [Lemon] AFK Detector: Bonsai destroyed!
[01:59:23] [Lemon] Bonsai came here from ,   ()
[01:59:23] [Lemon] Going-Down3 (by Hedning). Type: Oldschool. Played 11 times. Price: $11000. No Owner
[01:59:25] [Lemon] [Admin] Bonsai: ( ͡o ͜ʖ ͡o)
[01:59:28] [Lemon] [Admin] Bonsai: (ノಠ益ಠ)ノ彡┻━┻
[01:59:31] [Lemon] [Admin] Bonsai: :111:
[01:59:33] [Global] Bonsai: ( ͡o ͜ʖ ͡o)
[01:59:37] [Lemon] [Admin] Bonsai: 1:
[01:59:39] [Lemon] [Admin] Bonsai: 1
[02:00:08] [Lemon] AFK Detector: Bonsai destroyed!
[02:00:18] [Global]  * Next map will be a Challenge on Lemon: Sun
[02:00:38] [Lemon] AFK Detector: Bonsai destroyed!
[02:01:09] [Lemon] AFK Detector: Bonsai destroyed!
[02:01:38] [Lemon] [Admin] Bonsai: aa
[02:01:39] [Lemon] AFK Detector: Bonsai destroyed!
[02:02:46] [Lemon] [Admin] Bonsai: aa
[02:02:59] [Global]  ★ REACTION TEST ★ Not enough players!
[02:03:39] [Lemon] AFK Detector: Bonsai destroyed!
