[02:24:18] [Global]  * Next map will be a Challenge on Lemon: Running Away 2
[02:26:43] [Global]  ★ REACTION TEST ★ Not enough players!
[02:31:06] [wadaw] Bonsai came here from ,   ()
[02:31:31] [wadaw] Next map set to 1+2+3+4 by Bonsai
[02:31:46] [Global]  * Next map will be a Challenge on Lemon: Moonlight in Vodka
[02:32:07] [Lemon] Bonsai came here from ,   ()
[02:32:07] [Lemon] Vortex 6 DD Until Its Perfect (by Vortex). Type: Oldschool. Played 459 times. Price: $459000. No Owner
[02:33:16] [Lemon] Bonsai came here from ,   ()
[02:33:16] [Lemon] Moonlight in Vodka (by Scorpion ft. Sealine). Type: Oldschool. Played 754 times. Price: $759000. KurwaXr
[02:33:19] [Lemon] Bonsai unbanned himself from getting toptimes! °͜ʖ°?
[02:33:23] [Lemon] Bonsai banned himself from getting toptimes! °͜ʖ°?
[02:33:54] [Lemon] Bonsai came here from ,   ()
[02:33:54] [Lemon] Running Away 2 (by [FOTL]Ryan and Bonsiak). Type: Oldschool. Played 201 times. Price: $210000. No Owner
[02:33:58] [Lemon] Bonsai unbanned himself from getting toptimes! °͜ʖ°?
[02:34:11] [Global]  * Next map will be a Challenge on Lemon: Vortex 6 DD Until Its Perfect
[02:34:56] [Lemon] Bonsai came here from ,   ()
[02:34:56] [Lemon] Vortex 6 DD Until Its Perfect (by Vortex). Type: Oldschool. Played 460 times. Price: $460000. No Owner
[02:34:58] [Lemon] Bonsai unbanned himself from getting toptimes! °͜ʖ°?
[02:35:19] [Lemon] Bonsai: ( ͡e ͜ʖ ͡e)╭∩╮ᶠᶸᶜᵏᵧₒᵤ
[02:35:22] [Lemon] Bonsai: ¿°͜ʖ°?
[02:35:25] [Lemon] Bonsai: (✖╭╮✖)
[02:35:28] [Lemon] Bonsai: シ
[02:35:31] [Lemon] Bonsai: :45:
[02:35:51] [Global]  * Next map will be a Challenge on Lemon: Moonlight in Vodka
