[15:40:21] [Global]  * Next map will be a Challenge on Lemon: Moonlight in Vodka
[15:42:38] [Global]  * Next map will be a Challenge on Lemon: Going-Down3
[15:45:15] [Global]  ★ REACTION TEST ★ Not enough players!
[15:47:51] [Global]  * Next map will be a Challenge on Lemon: Sun
[15:50:38] [Global]  ★ REACTION TEST ★ Not enough players!
[15:53:49] [Global]  ★ REACTION TEST ★ Not enough players!
[15:57:09] [Global]  ★ REACTION TEST ★ Not enough players!
[16:00:22] [Global]  ★ REACTION TEST ★ Not enough players!
[16:04:15] [Global]  ★ REACTION TEST ★ Not enough players!
[16:07:39] [Global]  ★ REACTION TEST ★ Not enough players!
[16:07:51] [Global]  * Next Challenge in: 0h 09m 59s on Red!
[16:11:25] [Global]  ★ REACTION TEST ★ Not enough players!
[16:14:54] [Global]  ★ REACTION TEST ★ Not enough players!
[16:16:51] [Global]  * Next Challenge in: 0h 00m 59s on Red!
[16:17:51] [Global]  * Next map will be a Challenge on Red: Fuck_by_zZLO
[16:18:36] [Global]  ★ REACTION TEST ★ Not enough players!
[16:22:12] [Global]  ★ REACTION TEST ★ Not enough players!
[16:25:37] [Global]  ★ REACTION TEST ★ Not enough players!
[16:29:01] [Global]  ★ REACTION TEST ★ Not enough players!
[16:32:22] [Global]  ★ REACTION TEST ★ Not enough players!
[16:35:51] [Global]  ★ REACTION TEST ★ Not enough players!
[16:37:51] [Global]  * Next Challenge in: 0h 09m 59s on Night!
[16:39:06] [Global]  ★ REACTION TEST ★ Not enough players!
[16:42:26] [Global]  ★ REACTION TEST ★ Not enough players!
[16:46:13] [Global]  ★ REACTION TEST ★ Not enough players!
[16:46:51] [Global]  * Next Challenge in: 0h 00m 59s on Night!
[16:47:51] [Global]  * Next map will be a Challenge on Night: IntreLeX 3 DD
[16:49:30] [Global]  ★ REACTION TEST ★ Not enough players!
[16:53:48] [Global]  * Next map will be a Challenge on Lemon: Running Away 2
[16:55:32] [Global]  * Next map will be a Challenge on Lemon: Running Away 2
[16:57:59] [Global]  ★ REACTION TEST ★ Not enough players!
[17:01:26] [Global]  ★ REACTION TEST ★ Not enough players!
[17:08:09] [Global]  * Next map will be a Challenge on Lemon: Going-Down3
[17:10:16] [Global]  ★ REACTION TEST ★ Not enough players!
[17:13:54] [Global]  ★ REACTION TEST ★ Not enough players!
[17:17:27] [Global]  ★ REACTION TEST ★ Not enough players!
[17:20:38] [Global]  ★ REACTION TEST ★ Not enough players!
[17:24:27] [Global]  ★ REACTION TEST ★ Not enough players!
[17:27:30] [Global]  ★ REACTION TEST ★ Not enough players!
[17:28:09] [Global]  * Next Challenge in: 0h 09m 59s on Red!
[17:30:53] [Global]  ★ REACTION TEST ★ Not enough players!
[17:34:48] [Global]  ★ REACTION TEST ★ Not enough players!
[17:37:09] [Global]  * Next Challenge in: 0h 00m 59s on Red!
[17:38:09] [Global]  * Next map will be a Challenge on Red: Overhead
[17:38:16] [Global]  ★ REACTION TEST ★ Not enough players!
[17:41:23] [Global]  ★ REACTION TEST ★ Not enough players!
[17:44:52] [Global]  ★ REACTION TEST ★ Not enough players!
[17:48:03] [Global]  ★ REACTION TEST ★ Not enough players!
[17:51:24] [Global]  ★ REACTION TEST ★ Not enough players!
[17:54:27] [Global]  ★ REACTION TEST ★ Not enough players!
[17:57:27] [Global]  ★ REACTION TEST ★ Not enough players!
[17:58:09] [Global]  * Next Challenge in: 0h 09m 59s on Night!
[18:01:01] [Global]  ★ REACTION TEST ★ Not enough players!
[18:04:01] [Global]  ★ REACTION TEST ★ Not enough players!
[18:07:09] [Global]  * Next Challenge in: 0h 00m 59s on Night!
[18:07:38] [Global]  ★ REACTION TEST ★ Not enough players!
[18:08:09] [Global]  * Next map will be a Challenge on Night: Must be feelings
[18:10:55] [Global]  ★ REACTION TEST ★ Not enough players!
[18:14:03] [Global]  ★ REACTION TEST ★ Not enough players!
[18:17:42] [Global]  ★ REACTION TEST ★ Not enough players!
[18:21:39] [Global]  ★ REACTION TEST ★ Not enough players!
[18:25:31] [Global]  ★ REACTION TEST ★ Not enough players!
[18:28:09] [Global]  * Next Challenge in: 0h 09m 59s on Pink!
[18:28:41] [Global]  ★ REACTION TEST ★ Not enough players!
[18:31:49] [Global]  ★ REACTION TEST ★ Not enough players!
[18:35:42] [Global]  ★ REACTION TEST ★ Not enough players!
[18:37:09] [Global]  * Next Challenge in: 0h 00m 59s on Pink!
[18:38:09] [Global]  * Next map will be a Challenge on Pink: [RACE] MSD DM1 Dock Rats
[18:39:39] [Global]  ★ REACTION TEST ★ Not enough players!
[18:43:09] [Global]  ★ REACTION TEST ★ Not enough players!
[18:46:53] [Global]  ★ REACTION TEST ★ Not enough players!
[18:50:36] [Global]  ★ REACTION TEST ★ Not enough players!
[18:53:43] [Global]  ★ REACTION TEST ★ Not enough players!
[18:57:28] [Global]  ★ REACTION TEST ★ Not enough players!
[18:58:09] [Global]  * Next Challenge in: 0h 09m 59s on Dynamic!
[19:01:16] [Global]  ★ REACTION TEST ★ Not enough players!
[19:05:07] [Global]  * Next map will be a Challenge on Lemon: Going-Down3
[19:06:23] [Global]  * Next map will be a Challenge on Lemon: Vortex 6 DD Until Its Perfect
[19:09:09] [Global]  ★ REACTION TEST ★ Not enough players!
[19:12:52] [Global]  ★ REACTION TEST ★ Not enough players!
[19:14:27] [Global]  * Next map will be a Challenge on Lemon: Vortex 6 DD Until Its Perfect
[19:15:31] [Global]  * Next map will be a Challenge on Lemon: Sun
[19:18:27] [Global]  * Next map will be a Challenge on Lemon: Vortex 6 DD Until Its Perfect
[19:19:36] [Global]  * Next map will be a Challenge on Lemon: Running Away 2
[19:21:34] [Global]  * Next map will be a Challenge on Lemon: Moonlight in Vodka
[19:23:36] [Global]  ★ REACTION TEST ★ Not enough players!
[19:27:27] [Global]  ★ REACTION TEST ★ Not enough players!
[19:31:03] [Global]  ★ REACTION TEST ★ Not enough players!
[19:42:43] [Global]  * Next map will be a Challenge on Lemon: Moonlight in Vodka
[19:45:03] [Global]  * Next map will be a Challenge on Lemon: Moonlight in Vodka
[19:47:29] [Global]  ★ REACTION TEST ★ Not enough players!
[19:50:53] [Global]  * Next map will be a Challenge on Lemon: Moonlight in Vodka
[19:52:08] [Global]  * Next map will be a Challenge on Lemon: Going-Down3
[19:57:38] [Global]  * Next map will be a Challenge on Lemon: Going-Down3
[20:01:46] [Global]  * Next map will be a Challenge on Lemon: Sun
[20:04:41] [Global]  ★ REACTION TEST ★ Not enough players!
[20:07:58] [Global]  * Next map will be a Challenge on Lemon: Moonlight in Vodka
[20:09:58] [Global]  * Next map will be a Challenge on Lemon: Going-Down3
[20:12:32] [Global]  ★ REACTION TEST ★ Not enough players!
[20:16:24] [Global]  ★ REACTION TEST ★ Not enough players!
[20:20:10] [Global]  ★ REACTION TEST ★ Not enough players!
[20:24:08] [Global]  ★ REACTION TEST ★ Not enough players!
[20:27:46] [Global]  ★ REACTION TEST ★ Not enough players!
[20:29:58] [Global]  * Next Challenge in: 0h 09m 59s on Red!
[20:31:17] [Global]  ★ REACTION TEST ★ Not enough players!
[20:35:10] [Global]  ★ REACTION TEST ★ Not enough players!
[20:38:58] [Global]  * Next Challenge in: 0h 00m 59s on Red!
[20:39:09] [Global]  ★ REACTION TEST ★ Not enough players!
[20:39:58] [Global]  * Next map will be a Challenge on Red: Come back DD
[20:42:56] [Global]  ★ REACTION TEST ★ Not enough players!
[20:46:15] [Global]  ★ REACTION TEST ★ Not enough players!
[20:50:06] [Global]  ★ REACTION TEST ★ Not enough players!
[20:53:49] [Global]  ★ REACTION TEST ★ Not enough players!
[20:57:39] [Global]  ★ REACTION TEST ★ Not enough players!
[20:59:58] [Global]  * Next Challenge in: 0h 09m 59s on Night!
[21:00:57] [Global]  ★ REACTION TEST ★ Not enough players!
[21:04:13] [Global]  ★ REACTION TEST ★ Not enough players!
[21:07:33] [Global]  ★ REACTION TEST ★ Not enough players!
[21:08:55] [Global]  * Next Challenge in: 0h 00m 59s on Night!
[21:09:55] [Global]  * Next map will be a Challenge on Night: High Voltage
[21:11:30] [Global]  ★ REACTION TEST ★ Not enough players!
[21:15:02] [Global]  ★ REACTION TEST ★ Not enough players!
[21:18:51] [Global]  ★ REACTION TEST ★ Not enough players!
[21:22:46] [Global]  ★ REACTION TEST ★ Not enough players!
[21:26:23] [Global]  ★ REACTION TEST ★ Not enough players!
[21:29:55] [Global]  * Next Challenge in: 0h 09m 59s on Pink!
[21:30:19] [Global]  ★ REACTION TEST ★ Not enough players!
[21:34:17] [Global]  ★ REACTION TEST ★ Not enough players!
[21:37:33] [Global]  ★ REACTION TEST ★ Not enough players!
[21:38:55] [Global]  * Next Challenge in: 0h 00m 59s on Pink!
[21:39:55] [Global]  * Next map will be a Challenge on Pink: [RACE] Changing Lanes 2
[21:41:33] [Global]  ★ REACTION TEST ★ Not enough players!
[21:45:11] [Global]  ★ REACTION TEST ★ Not enough players!
[21:48:31] [Global]  ★ REACTION TEST ★ Not enough players!
[21:51:50] [Global]  ★ REACTION TEST ★ Not enough players!
[21:55:30] [Global]  ★ REACTION TEST ★ Not enough players!
[21:58:51] [Global]  ★ REACTION TEST ★ Not enough players!
[21:59:55] [Global]  * Next Challenge in: 0h 09m 59s on Dynamic!
[22:02:06] [Global]  ★ REACTION TEST ★ Not enough players!
[22:06:00] [Global]  ★ REACTION TEST ★ Not enough players!
[22:08:55] [Global]  * Next Challenge in: 0h 00m 59s on Dynamic!
[22:09:10] [Global]  ★ REACTION TEST ★ Not enough players!
[22:09:55] [Global]  * Next map will be a Challenge on Dynamic: Free Porn 3
[22:12:18] [Global]  ★ REACTION TEST ★ Not enough players!
[22:15:37] [Global]  ★ REACTION TEST ★ Not enough players!
[22:19:15] [Global]  ★ REACTION TEST ★ Not enough players!
[22:22:32] [Global]  ★ REACTION TEST ★ Not enough players!
[22:25:51] [Global]  ★ REACTION TEST ★ Not enough players!
[22:29:51] [Global]  ★ REACTION TEST ★ Not enough players!
[22:29:55] [Global]  * Next Challenge in: 0h 09m 59s on Lemon!
[22:32:56] [Global]  ★ REACTION TEST ★ Not enough players!
[22:35:57] [Global]  ★ REACTION TEST ★ Not enough players!
[22:38:55] [Global]  * Next Challenge in: 0h 00m 59s on Lemon!
[22:39:17] [Global]  ★ REACTION TEST ★ Not enough players!
[22:39:55] [Global]  * Next map will be a Challenge on Lemon: Running Away 2
[22:42:32] [Global]  ★ REACTION TEST ★ Not enough players!
[22:46:31] [Global]  ★ REACTION TEST ★ Not enough players!
[22:50:28] [Global]  ★ REACTION TEST ★ Not enough players!
[22:54:33] [Global]  * Next map will be a Challenge on Lemon: Moonlight in Vodka
[22:56:55] [Global]  ★ REACTION TEST ★ Not enough players!
[23:00:29] [Global]  ★ REACTION TEST ★ Not enough players!
[23:04:17] [Global]  ★ REACTION TEST ★ Not enough players!
[23:07:37] [Global]  ★ REACTION TEST ★ Not enough players!
[23:10:49] [Global]  ★ REACTION TEST ★ Not enough players!
[23:14:27] [Global]  ★ REACTION TEST ★ Not enough players!
[23:14:33] [Global]  * Next Challenge in: 0h 09m 59s on Red!
[23:17:50] [Global]  ★ REACTION TEST ★ Not enough players!
[23:21:38] [Global]  ★ REACTION TEST ★ Not enough players!
[23:23:33] [Global]  * Next Challenge in: 0h 00m 59s on Red!
[23:24:33] [Global]  * Next map will be a Challenge on Red: RELAX DD
[23:25:07] [Global]  ★ REACTION TEST ★ Not enough players!
[23:28:09] [Global]  ★ REACTION TEST ★ Not enough players!
[23:31:34] [Global]  ★ REACTION TEST ★ Not enough players!
[23:33:48] [Global]  * Next map will be a Challenge on Lemon: Moonlight in Vodka
[23:35:18] [Global]  * Next map will be a Challenge on Lemon: Going-Down3
[23:37:24] [Global]  ★ REACTION TEST ★ Not enough players!
[23:41:06] [Global]  ★ REACTION TEST ★ Not enough players!
[23:53:41] [Global]  * Next map will be a Challenge on Lemon: Moonlight in Vodka
[23:55:00] [Global]  * Next map will be a Challenge on Lemon: Going-Down3
[23:57:45] [Global]  ★ REACTION TEST ★ Not enough players!
