[00:01:00] [Global]  ★ REACTION TEST ★ Not enough players!
[00:03:55] [Global]  * Next map will be a Challenge on Lemon: Moonlight in Vodka
[00:05:50] [Global]  * Next map will be a Challenge on Lemon: Moonlight in Vodka
[00:07:50] [Global]  ★ REACTION TEST ★ Not enough players!
[00:10:46] [Global]  * Next map will be a Challenge on Lemon: Vortex 6 DD Until Its Perfect
[00:12:02] [Global]  * Next map will be a Challenge on Lemon: Running Away 2
[00:14:22] [Global]  ★ REACTION TEST ★ Not enough players!
[00:19:45] [Global]  * Next map will be a Challenge on Lemon: Running Away 2
[00:21:37] [Global]  * Next map will be a Challenge on Lemon: Moonlight in Vodka
[00:23:58] [Global]  ★ REACTION TEST ★ Not enough players!
[00:28:10] [Global]  * Next map will be a Challenge on Lemon: Vortex 6 DD Until Its Perfect
[00:30:23] [Global]  * Next map will be a Challenge on Lemon: Moonlight in Vodka
[00:33:27] [Global]  * Next map will be a Challenge on Lemon: Moonlight in Vodka
[00:35:10] [Global]  * Next map will be a Challenge on Lemon: Going-Down3
[00:37:31] [Global]  ★ REACTION TEST ★ Not enough players!
[00:41:18] [Global]  ★ REACTION TEST ★ Not enough players!
[00:43:17] [Global]  * Next map will be a Challenge on Lemon: Going-Down3
[00:45:31] [Global]  ★ REACTION TEST ★ Not enough players!
[00:47:55] [Global]  * Next map will be a Challenge on Lemon: Running Away 2
[00:48:59] [Global]  * Next map will be a Challenge on Lemon: Vortex 6 DD Until Its Perfect
[00:50:41] [Global]  * Next map will be a Challenge on Lemon: Going-Down3
[00:53:08] [Global]  * Next map will be a Challenge on Lemon: Vortex 6 DD Until Its Perfect
[00:56:31] [Global]  * Next map will be a Challenge on Lemon: Sun
[00:59:13] [Global]  * Next map will be a Challenge on Lemon: Vortex 6 DD Until Its Perfect
[01:01:13] [Global]  ★ REACTION TEST ★ Not enough players!
[01:04:42] [Global]  * Next map will be a Challenge on Lemon: Moonlight in Vodka
[01:07:30] [Global]  * Next map will be a Challenge on Lemon: Running Away 2
[01:08:59] [Global]  * Next map will be a Challenge on Lemon: Vortex 6 DD Until Its Perfect
[12:11:57] [Global]  * Next map will be a Challenge on Lemon: Moonlight in Vodka
[12:14:30] [Global]  ★ REACTION TEST ★ Not enough players!
[12:18:15] [Global]  ★ REACTION TEST ★ Not enough players!
[12:21:17] [Global]  ★ REACTION TEST ★ Not enough players!
[12:24:41] [Global]  ★ REACTION TEST ★ Not enough players!
[12:28:20] [Global]  ★ REACTION TEST ★ Not enough players!
[12:31:57] [Global]  * Next Challenge in: 0h 09m 59s on Red!
[12:32:14] [Global]  ★ REACTION TEST ★ Not enough players!
[12:35:26] [Global]  ★ REACTION TEST ★ Not enough players!
[12:38:27] [Global]  ★ REACTION TEST ★ Not enough players!
[12:40:57] [Global]  * Next Challenge in: 0h 00m 59s on Red!
[12:41:52] [Global]  ★ REACTION TEST ★ Not enough players!
[12:41:57] [Global]  * Next map will be a Challenge on Red: Ankit 3 DD
[12:45:13] [Global]  ★ REACTION TEST ★ Not enough players!
[12:51:56] [Global]  * Next map will be a Challenge on Lemon: Moonlight in Vodka
[12:53:07] [Global]  * Next map will be a Challenge on Lemon: Going-Down3
[12:55:49] [Global]  * Next map will be a Challenge on Lemon: Vortex 6 DD Until Its Perfect
[12:57:42] [Global]  * Next map will be a Challenge on Lemon: Running Away 2
[12:59:30] [Global]  * Next map will be a Challenge on Lemon: Moonlight in Vodka
[13:02:11] [Global]  * Next map will be a Challenge on Lemon: Going-Down3
[13:04:07] [Global]  * Next map will be a Challenge on Lemon: Sun
[13:06:12] [Global]  ★ REACTION TEST ★ Not enough players!
[13:09:25] [Global]  * Next map will be a Challenge on Lemon: Moonlight in Vodka
[13:12:13] [Global]  * Next map will be a Challenge on Lemon: Vortex 6 DD Until Its Perfect
[13:14:22] [Global]  ★ REACTION TEST ★ Not enough players!
[13:18:22] [Global]  ★ REACTION TEST ★ Not enough players!
[13:22:12] [Global]  ★ REACTION TEST ★ Not enough players!
[13:26:04] [Global]  ★ REACTION TEST ★ Not enough players!
[13:29:47] [Global]  ★ REACTION TEST ★ Not enough players!
[13:32:13] [Global]  * Next Challenge in: 0h 09m 59s on Red!
[13:33:22] [Global]  ★ REACTION TEST ★ Not enough players!
[13:36:49] [Global]  ★ REACTION TEST ★ Not enough players!
[13:40:22] [Global]  ★ REACTION TEST ★ Not enough players!
[13:41:13] [Global]  * Next Challenge in: 0h 00m 59s on Red!
[13:42:13] [Global]  * Next map will be a Challenge on Red: Fuck_by_zZLO
[13:44:20] [Global]  ★ REACTION TEST ★ Not enough players!
[13:48:00] [Global]  ★ REACTION TEST ★ Not enough players!
[13:51:49] [Global]  ★ REACTION TEST ★ Not enough players!
[13:55:13] [Global]  ★ REACTION TEST ★ Not enough players!
[13:58:18] [Global]  ★ REACTION TEST ★ Not enough players!
[14:01:53] [Global]  ★ REACTION TEST ★ Not enough players!
[14:02:13] [Global]  * Next Challenge in: 0h 09m 59s on Night!
[14:05:01] [Global]  ★ REACTION TEST ★ Not enough players!
[14:08:18] [Global]  ★ REACTION TEST ★ Not enough players!
[14:12:25] [Global]  * Next map will be a Challenge on Lemon: Running Away 2
[14:15:19] [Global]  ★ REACTION TEST ★ Not enough players!
[14:16:53] [Global]  * Next map will be a Challenge on Lemon: Vortex 6 DD Until Its Perfect
[14:18:37] [Global]  * Next map will be a Challenge on Lemon: Moonlight in Vodka
[14:21:58] [Global]  * Next map will be a Challenge on Lemon: Moonlight in Vodka
[14:24:49] [Global]  ★ REACTION TEST ★ Not enough players!
[14:28:11] [Global]  ★ REACTION TEST ★ Not enough players!
[14:31:28] [Global]  ★ REACTION TEST ★ Not enough players!
[14:35:16] [Global]  ★ REACTION TEST ★ Not enough players!
[14:38:57] [Global]  ★ REACTION TEST ★ Not enough players!
[14:41:57] [Global]  ★ REACTION TEST ★ Not enough players!
[14:41:58] [Global]  * Next Challenge in: 0h 09m 59s on Red!
[14:45:22] [Global]  ★ REACTION TEST ★ Not enough players!
[14:48:25] [Global]  ★ REACTION TEST ★ Not enough players!
[14:50:58] [Global]  * Next Challenge in: 0h 00m 59s on Red!
[14:51:58] [Global]  * Next map will be a Challenge on Red: StuntDriver 2
[14:52:19] [Global]  ★ REACTION TEST ★ Not enough players!
[14:55:57] [Global]  ★ REACTION TEST ★ Not enough players!
[14:59:20] [Global]  ★ REACTION TEST ★ Not enough players!
[15:02:50] [Global]  ★ REACTION TEST ★ Not enough players!
[15:06:45] [Global]  ★ REACTION TEST ★ Not enough players!
[15:10:08] [Global]  * Next map will be a Challenge on Lemon: Sun
[15:12:32] [Global]  ★ REACTION TEST ★ Not enough players!
[15:16:07] [Global]  ★ REACTION TEST ★ Not enough players!
[15:24:44] [Global]  * Next map will be a Challenge on Lemon: Sun
[15:26:47] [Global]  * Next map will be a Challenge on Lemon: Going-Down3
[15:28:17] [Global]  * Next map will be a Challenge on Lemon: Running Away 2
[15:29:38] [Global]  * Next map will be a Challenge on Lemon: Moonlight in Vodka
[15:32:41] [Global]  * Next map will be a Challenge on Lemon: Vortex 6 DD Until Its Perfect
[15:33:58] [Global]  * Next map will be a Challenge on Lemon: Going-Down3
[15:36:14] [Global]  * Next map will be a Challenge on Lemon: Going-Down3
[15:37:32] [Global]  * Next map will be a Challenge on Lemon: Going-Down3
[15:40:45] [Global]  * Next map will be a Challenge on Lemon: Moonlight in Vodka
[18:28:51] [Global]  * Next map will be a Challenge on Lemon: Sun
[18:32:25] [Global]  * Next map will be a Challenge on Lemon: Sun
[18:35:09] [Global]  ★ REACTION TEST ★ Not enough players!
[18:38:23] [Global]  ★ REACTION TEST ★ Not enough players!
[18:41:26] [Global]  ★ REACTION TEST ★ Not enough players!
[18:44:42] [Global]  * Next map will be a Challenge on Lemon: Moonlight in Vodka
[18:47:57] [Global]  * Next map will be a Challenge on Lemon: Going-Down3
[18:50:05] [Global]  ★ REACTION TEST ★ Not enough players!
[18:53:14] [Global]  ★ REACTION TEST ★ Not enough players!
[18:57:12] [Global]  ★ REACTION TEST ★ Not enough players!
[19:00:17] [Global]  ★ REACTION TEST ★ Not enough players!
[19:03:52] [Global]  ★ REACTION TEST ★ Not enough players!
[19:07:07] [Global]  ★ REACTION TEST ★ Not enough players!
[19:07:57] [Global]  * Next Challenge in: 0h 09m 59s on Red!
[19:10:21] [Global]  ★ REACTION TEST ★ Not enough players!
[19:14:39] [Global]  * Next map will be a Challenge on Lemon: Vortex 6 DD Until Its Perfect
[19:16:55] [Global]  * Next map will be a Challenge on Lemon: Sun
[19:18:57] [Global]  ★ REACTION TEST ★ Not enough players!
[19:22:31] [Global]  ★ REACTION TEST ★ Not enough players!
[19:25:34] [Global]  ★ REACTION TEST ★ Not enough players!
[19:29:07] [Global]  ★ REACTION TEST ★ Not enough players!
[19:38:21] [Global]  * Next map will be a Challenge on Lemon: Vortex 6 DD Until Its Perfect
[19:39:38] [Global]  * Next map will be a Challenge on Lemon: Moonlight in Vodka
[19:40:47] [Global]  * Next map will be a Challenge on Lemon: Vortex 6 DD Until Its Perfect
[19:41:59] [Global]  * Next map will be a Challenge on Lemon: Sun
[19:44:07] [Global]  * Next map will be a Challenge on Lemon: Running Away 2
[19:46:25] [Global]  ★ REACTION TEST ★ Not enough players!
[19:49:50] [Global]  ★ REACTION TEST ★ Not enough players!
[19:55:50] [Global]  * Next map will be a Challenge on Lemon: Running Away 2
[19:57:14] [Global]  * Next map will be a Challenge on Lemon: Sun
[19:58:29] [Global]  * Next map will be a Challenge on Lemon: Vortex 6 DD Until Its Perfect
[19:59:57] [Global]  * Next map will be a Challenge on Lemon: Moonlight in Vodka
[20:02:37] [Global]  * Next map will be a Challenge on Lemon: Sun
[20:04:37] [Global]  ★ REACTION TEST ★ Not enough players!
[20:07:47] [Global]  * Next map will be a Challenge on Lemon: Sun
[20:09:09] [Global]  * Next map will be a Challenge on Lemon: Moonlight in Vodka
[20:13:03] [Global]  * Next map will be a Challenge on Lemon: Vortex 6 DD Until Its Perfect
[20:16:09] [Global]  * Next map will be a Challenge on Lemon: Going-Down3
[20:18:36] [Global]  * Next map will be a Challenge on Lemon: Moonlight in Vodka
[20:21:13] [Global]  * Next map will be a Challenge on Lemon: Running Away 2
[20:23:25] [Global]  * Next map will be a Challenge on Lemon: Sun
[20:25:35] [Global]  ★ REACTION TEST ★ Not enough players!
[20:27:38] [Global]  * Next map will be a Challenge on Lemon: Vortex 6 DD Until Its Perfect
[20:30:18] [Global]  ★ REACTION TEST ★ Not enough players!
[20:33:12] [Global]  * Next map will be a Challenge on Lemon: Moonlight in Vodka
[20:35:26] [Global]  * Next map will be a Challenge on Lemon: Running Away 2
[20:37:57] [Global]  ★ REACTION TEST ★ Not enough players!
[20:39:53] [Global]  * Next map will be a Challenge on Lemon: Vortex 6 DD Until Its Perfect
[20:42:23] [Global]  * Next map will be a Challenge on Lemon: Sun
[20:44:26] [Global]  * Next map will be a Challenge on Lemon: Going-Down3
[20:47:14] [Global]  ★ REACTION TEST ★ Not enough players!
[20:50:33] [Global]  ★ REACTION TEST ★ Not enough players!
[20:53:55] [Global]  ★ REACTION TEST ★ Not enough players!
[20:57:44] [Global]  ★ REACTION TEST ★ Not enough players!
[21:01:38] [Global]  ★ REACTION TEST ★ Not enough players!
[21:04:26] [Global]  * Next Challenge in: 0h 09m 59s on Red!
[21:05:13] [Global]  ★ REACTION TEST ★ Not enough players!
