[00:01:33] [3] Bonsai came here from ,   ()
[00:02:34] [3] Bonsai came here from ,   ()
[00:03:18] [Red] Bonsai came here from ,   ()
[00:03:18] [Red] Wankenstein RMX DD (by Unknown). Type: Classic. Played 624 times. Price: $631000. ~Xr~NoMercY
[00:03:20] [Global]  * Next map will be a Challenge on Lemon: Moonlight in Vodka
[00:03:43] [Red] AFK Detector: Bonsai destroyed!
[00:03:57] [Red] Ultimate BMX DD (by Jake ft. Powersultan ft. Winta!). Type: Classic. Played 1860 times. Price: $1879000. ~Xr~NoMercY
[00:04:22] [Red] AFK Detector: Bonsai kicked!
[00:06:15] [Global]  ★ REACTION TEST ★ Not enough players!
[00:09:23] [Global]  ★ REACTION TEST ★ Not enough players!
[00:12:43] [Global]  ★ REACTION TEST ★ Not enough players!
[00:15:53] [Global]  ★ REACTION TEST ★ Not enough players!
[00:19:42] [Global]  ★ REACTION TEST ★ Not enough players!
[00:23:03] [Global]  ★ REACTION TEST ★ Not enough players!
[00:23:20] [Global]  * Next Challenge in: 0h 09m 59s on Red!
[00:26:30] [Global]  ★ REACTION TEST ★ Not enough players!
[00:30:25] [Global]  * Next map will be a Challenge on Lemon: Running Away 2
[00:32:28] [Global]  * Next map will be a Challenge on Lemon: Running Away 2
[00:34:43] [Global]  ★ REACTION TEST ★ Not enough players!
[00:35:01] [Red] Bonsai came here from ,   ()
[00:35:01] [Red] Night of BMX DD (by |MoD|Maicol^). Type: Classic. Played 2165 times. Price: $2201000. No Owner
[00:38:00] [Global]  ★ REACTION TEST ★ Not enough players!
[00:40:34] [Global]  * Next map will be a Challenge on Lemon: Vortex 6 DD Until Its Perfect
[00:43:06] [Global]  * Next map will be a Challenge on Lemon: Running Away 2
[00:45:14] [Test] Bonsai came here from ,   ()
[00:45:21] [Global]  * Next map will be a Challenge on Lemon: Sun
[00:46:30] [3] Bonsai came here from ,   ()
[00:46:41] [Red] Bonsai came here from ,   ()
[00:46:41] [Red] Metatron 4 DD The end (by Metatron). Type: Classic. Played 15 times. Price: $16000. [INT]Nos
[00:48:14] [Global]  ★ REACTION TEST ★ Not enough players!
[00:53:03] [Global]  * Next map will be a Challenge on Lemon: Vortex 6 DD Until Its Perfect
[00:53:19] [3] Bonsai came here from ,   ()
[00:53:37] [2] Bonsai came here from ,   ()
[00:53:57] [Training] Bonsai came here from ,   ()
[00:55:53] [Global]  ★ REACTION TEST ★ Not enough players!
[00:59:22] [Global]  ★ REACTION TEST ★ Not enough players!
[01:03:09] [Global]  ★ REACTION TEST ★ Not enough players!
[01:06:16] [Global]  ★ REACTION TEST ★ Not enough players!
[01:09:40] [Global]  * Next map will be a Challenge on Lemon: Sun
[01:11:15] [Red] Bonsai came here from ,   ()
[01:11:16] [Red] Upgrade DD (by blade). Type: Classic. Played 956 times. Price: $968000. No Owner
[13:10:57] [Global]  * Next map will be a Challenge on Lemon: Running Away 2
[13:13:36] [Global]  ★ REACTION TEST ★ Not enough players!
[13:17:16] [Global]  ★ REACTION TEST ★ Not enough players!
[13:20:50] [Global]  ★ REACTION TEST ★ Not enough players!
[13:24:48] [Global]  ★ REACTION TEST ★ Not enough players!
[13:28:03] [Global]  ★ REACTION TEST ★ Not enough players!
[13:30:57] [Global]  * Next Challenge in: 0h 09m 59s on Red!
[13:31:34] [Global]  ★ REACTION TEST ★ Not enough players!
[13:35:25] [Global]  ★ REACTION TEST ★ Not enough players!
[13:38:55] [Global]  ★ REACTION TEST ★ Not enough players!
[13:39:57] [Global]  * Next Challenge in: 0h 00m 59s on Red!
[13:40:57] [Global]  * Next map will be a Challenge on Red: Very stupid map
[13:42:00] [Global]  ★ REACTION TEST ★ Not enough players!
[13:45:00] [Global]  ★ REACTION TEST ★ Not enough players!
[13:48:33] [Global]  ★ REACTION TEST ★ Not enough players!
[13:52:26] [Global]  ★ REACTION TEST ★ Not enough players!
[13:57:09] [Global]  * Next map will be a Challenge on Lemon: Sun
[13:59:15] [DDC] Bonsai came here from ,   ()
[14:00:08] [DDC] Bonsai came here from ,   ()
[14:00:24] [Maptest] Bonsai came here from ,   ()
[14:00:57] [Global]  * Next map will be a Challenge on Lemon: Running Away 2
[14:03:18] [Global]  ★ REACTION TEST ★ Not enough players!
[14:06:48] [Global]  ★ REACTION TEST ★ Not enough players!
[14:10:48] [Global]  ★ REACTION TEST ★ Not enough players!
[14:14:38] [Global]  ★ REACTION TEST ★ Not enough players!
[14:18:55] [Global]  * Next map will be a Challenge on Lemon: Moonlight in Vodka
[14:21:00] [Global]  * Next map will be a Challenge on Lemon: Vortex 6 DD Until Its Perfect
[14:23:29] [Global]  ★ REACTION TEST ★ Not enough players!
[14:27:20] [Global]  ★ REACTION TEST ★ Not enough players!
[14:31:07] [Global]  ★ REACTION TEST ★ Not enough players!
[14:34:20] [Global]  ★ REACTION TEST ★ Not enough players!
[14:36:31] [Cross] Bonsai came here from ,   ()
[14:36:32] [Cross] Thirty Degrees (by ~[EPG]~DuTcHtUrK). Type: Cross. Played 896 times. Price: $921000. ice_eyes
[14:38:08] [Global]  ★ REACTION TEST ★ Not enough players!
[14:41:00] [Global]  * Next Challenge in: 0h 09m 59s on Red!
[14:42:03] [Global]  ★ REACTION TEST ★ Not enough players!
[14:45:31] [Global]  ★ REACTION TEST ★ Not enough players!
[14:48:44] [Global]  ★ REACTION TEST ★ Not enough players!
[14:49:56] [Global]  * Next Challenge in: 0h 00m 59s on Red!
[14:50:56] [Global]  * Next map will be a Challenge on Red: Eternalize DD
[14:52:03] [Global]  ★ REACTION TEST ★ Not enough players!
[14:55:11] [Global]  ★ REACTION TEST ★ Not enough players!
[14:58:30] [Global]  ★ REACTION TEST ★ Not enough players!
[15:02:01] [Global]  ★ REACTION TEST ★ Not enough players!
[15:07:31] [Global]  * Next map will be a Challenge on Lemon: Sun
[15:10:25] [Global]  ★ REACTION TEST ★ Not enough players!
[15:13:49] [Global]  ★ REACTION TEST ★ Not enough players!
[15:16:49] [Global]  ★ REACTION TEST ★ Not enough players!
[15:20:38] [Global]  ★ REACTION TEST ★ Not enough players!
[15:24:37] [Global]  ★ REACTION TEST ★ Not enough players!
[15:27:07] [Maptest] Bonsai came here from ,   ()
[15:27:52] [Global]  * Next map will be a Challenge on Lemon: Going-Down3
[15:28:53] [Maptest] Bonsai came here from ,   ()
[15:29:59] [2] Bonsai came here from ,   ()
[15:31:28] [Global]  * Next map will be a Challenge on Lemon: Running Away 2
[15:33:54] [Global]  ★ REACTION TEST ★ Not enough players!
[15:37:39] [Global]  ★ REACTION TEST ★ Not enough players!
[15:40:03] [Global]  * Next map will be a Challenge on Lemon: Going-Down3
[15:41:47] [Global]  * Next map will be a Challenge on Lemon: Moonlight in Vodka
[15:44:45] [Global]  ★ REACTION TEST ★ Not enough players!
[15:48:35] [Global]  ★ REACTION TEST ★ Not enough players!
[15:51:53] [Global]  ★ REACTION TEST ★ Not enough players!
[15:55:24] [Global]  ★ REACTION TEST ★ Not enough players!
[15:58:19] [2] Bonsai came here from ,   ()
[15:58:27] [Global]  * Next map will be a Challenge on Lemon: Moonlight in Vodka
[15:58:41] [Lemon] Bonsai came here from ,   ()
[15:58:41] [Lemon] Running Away 2 (by [FOTL]Ryan and Bonsiak). Type: Oldschool. Played 605 times. Price: $623000. No Owner
[16:00:27] [Global]  ★ REACTION TEST ★ Not enough players!
[16:03:55] [Global]  ★ REACTION TEST ★ Not enough players!
[16:07:47] [Global]  ★ REACTION TEST ★ Not enough players!
[16:11:42] [Global]  ★ REACTION TEST ★ Not enough players!
[16:15:22] [Global]  ★ REACTION TEST ★ Not enough players!
[16:18:27] [Global]  * Next Challenge in: 0h 09m 59s on Red!
[16:18:43] [Global]  ★ REACTION TEST ★ Not enough players!
[16:22:31] [Global]  ★ REACTION TEST ★ Not enough players!
[16:26:02] [Global]  ★ REACTION TEST ★ Not enough players!
[16:27:27] [Global]  * Next Challenge in: 0h 00m 59s on Red!
[16:28:27] [Global]  * Next map will be a Challenge on Red: The King of Bike 4
[16:29:22] [Global]  ★ REACTION TEST ★ Not enough players!
[16:32:41] [Global]  ★ REACTION TEST ★ Not enough players!
[16:36:15] [Global]  ★ REACTION TEST ★ Not enough players!
[16:39:19] [Global]  ★ REACTION TEST ★ Not enough players!
[16:43:05] [Global]  ★ REACTION TEST ★ Not enough players!
[16:47:00] [Global]  ★ REACTION TEST ★ Not enough players!
[16:48:27] [Global]  * Next Challenge in: 0h 09m 59s on Night!
[16:50:39] [Global]  ★ REACTION TEST ★ Not enough players!
[16:54:04] [Global]  ★ REACTION TEST ★ Not enough players!
[16:57:13] [Global]  ★ REACTION TEST ★ Not enough players!
[16:57:27] [Global]  * Next Challenge in: 0h 00m 59s on Night!
[16:58:27] [Global]  * Next map will be a Challenge on Night: Simon 5 DD Tropical Travel
[17:01:08] [Global]  ★ REACTION TEST ★ Not enough players!
[17:04:16] [Global]  ★ REACTION TEST ★ Not enough players!
[17:08:02] [Global]  ★ REACTION TEST ★ Not enough players!
[17:11:29] [Global]  ★ REACTION TEST ★ Not enough players!
[17:15:13] [Global]  ★ REACTION TEST ★ Not enough players!
[17:18:27] [Global]  * Next Challenge in: 0h 09m 59s on Pink!
[17:18:34] [Global]  ★ REACTION TEST ★ Not enough players!
[17:22:09] [Global]  ★ REACTION TEST ★ Not enough players!
[17:24:52] [Global]  * Next map will be a Challenge on Lemon: Moonlight in Vodka
[17:26:55] [Global]  * Next map will be a Challenge on Lemon: Moonlight in Vodka
[17:29:31] [Global]  ★ REACTION TEST ★ Not enough players!
[17:33:06] [Global]  ★ REACTION TEST ★ Not enough players!
[17:37:27] [Global]  * Next map will be a Challenge on Lemon: Vortex 6 DD Until Its Perfect
[17:39:41] [Global]  ★ REACTION TEST ★ Not enough players!
[17:43:06] [Global]  ★ REACTION TEST ★ Not enough players!
[17:46:09] [Global]  ★ REACTION TEST ★ Not enough players!
[17:49:50] [Global]  ★ REACTION TEST ★ Not enough players!
[17:53:31] [Global]  * Next map will be a Challenge on Lemon: Vortex 6 DD Until Its Perfect
[17:53:49] [Shooter] Bonsai came here from ,   ()
[17:53:50] [Shooter] [Shooter] ;^)yprooo ft. DeaDPooL|Ks - Simple map II ! (by ;^)yprooo=w=  DeaDPooL|KS). Type: Shooter. Played 1868 times. Price: $1902000. Kurvv4|eps
[17:55:23] [Global]  * Next map will be a Challenge on Lemon: Moonlight in Vodka
[17:57:08] [Global]  * Next map will be a Challenge on Lemon: Vortex 6 DD Until Its Perfect
[17:59:48] [Global]  * Next map will be a Challenge on Lemon: Moonlight in Vodka
[18:01:30] [Test] Bonsai came here from ,   ()
[18:01:42] [Global]  * Next map will be a Challenge on Lemon: Sun
[18:03:59] [Global]  ★ REACTION TEST ★ Not enough players!
[18:07:08] [Global]  ★ REACTION TEST ★ Not enough players!
[18:10:12] [Global]  * Next map will be a Challenge on Lemon: Moonlight in Vodka
[18:13:46] [Global]  * Next map will be a Challenge on Lemon: Running Away 2
[18:15:57] [Global]  * Next map will be a Challenge on Lemon: Moonlight in Vodka
[18:18:45] [Global]  ★ REACTION TEST ★ Not enough players!
[18:23:24] [Global]  * Next map will be a Challenge on Lemon: Moonlight in Vodka
[18:25:33] [Global]  ★ REACTION TEST ★ Not enough players!
[18:27:31] [Global]  * Next map will be a Challenge on Lemon: Running Away 2
[18:30:20] [Global]  ★ REACTION TEST ★ Not enough players!
[18:33:05] [Cross] Bonsai came here from ,   ()
[18:33:05] [Cross] Pithily DD (by st.krestik). Type: Cross. Played 403 times. Price: $406000. ice_eyes
[18:33:58] [Global]  * Next map will be a Challenge on Lemon: Going-Down3
[18:36:40] [Global]  ★ REACTION TEST ★ Not enough players!
[18:39:48] [Global]  ★ REACTION TEST ★ Not enough players!
[18:43:42] [Global]  ★ REACTION TEST ★ Not enough players!
[18:47:01] [Global]  ★ REACTION TEST ★ Not enough players!
[18:50:11] [Global]  ★ REACTION TEST ★ Not enough players!
[18:53:25] [Global]  ★ REACTION TEST ★ Not enough players!
[18:53:58] [Global]  * Next Challenge in: 0h 09m 59s on Red!
[18:56:59] [Global]  ★ REACTION TEST ★ Not enough players!
[19:00:47] [Global]  ★ REACTION TEST ★ Not enough players!
[19:02:58] [Global]  * Next Challenge in: 0h 00m 59s on Red!
[19:03:58] [Global]  * Next map will be a Challenge on Red: Winsedy DD
[19:04:36] [Global]  ★ REACTION TEST ★ Not enough players!
[19:07:37] [Global]  ★ REACTION TEST ★ Not enough players!
[19:11:10] [Global]  ★ REACTION TEST ★ Not enough players!
[19:14:56] [Global]  ★ REACTION TEST ★ Not enough players!
[19:18:15] [Global]  ★ REACTION TEST ★ Not enough players!
[19:21:42] [Global]  ★ REACTION TEST ★ Not enough players!
[19:23:58] [Global]  * Next Challenge in: 0h 09m 59s on Night!
[19:24:58] [Global]  ★ REACTION TEST ★ Not enough players!
[19:28:26] [Global]  ★ REACTION TEST ★ Not enough players!
[19:32:01] [Global]  ★ REACTION TEST ★ Not enough players!
[19:32:58] [Global]  * Next Challenge in: 0h 00m 59s on Night!
[19:33:58] [Global]  * Next map will be a Challenge on Night: I Fight For You
[19:35:51] [Global]  ★ REACTION TEST ★ Not enough players!
[19:39:13] [Global]  ★ REACTION TEST ★ Not enough players!
[19:42:58] [Global]  ★ REACTION TEST ★ Not enough players!
[19:46:24] [Global]  ★ REACTION TEST ★ Not enough players!
[19:50:14] [Global]  ★ REACTION TEST ★ Not enough players!
[19:53:31] [Global]  ★ REACTION TEST ★ Not enough players!
[19:53:58] [Global]  * Next Challenge in: 0h 09m 59s on Pink!
[19:57:18] [Global]  ★ REACTION TEST ★ Not enough players!
[20:00:38] [Global]  ★ REACTION TEST ★ Not enough players!
[20:02:58] [Global]  * Next Challenge in: 0h 00m 59s on Pink!
[20:03:58] [Global]  * Next map will be a Challenge on Pink: [RACE] Wankenstein RETURNS
[20:04:31] [Global]  ★ REACTION TEST ★ Not enough players!
[20:08:24] [Global]  ★ REACTION TEST ★ Not enough players!
[20:12:07] [Global]  ★ REACTION TEST ★ Not enough players!
[20:15:44] [Global]  ★ REACTION TEST ★ Not enough players!
[20:18:48] [Global]  ★ REACTION TEST ★ Not enough players!
[20:21:49] [Global]  ★ REACTION TEST ★ Not enough players!
[20:23:58] [Global]  * Next Challenge in: 0h 09m 59s on Dynamic!
[20:25:07] [Global]  ★ REACTION TEST ★ Not enough players!
[20:28:37] [Global]  ★ REACTION TEST ★ Not enough players!
[20:32:28] [Global]  ★ REACTION TEST ★ Not enough players!
[20:32:58] [Global]  * Next Challenge in: 0h 00m 59s on Dynamic!
[20:33:58] [Global]  * Next map will be a Challenge on Dynamic: 8 Portal
[20:35:49] [Global]  ★ REACTION TEST ★ Not enough players!
[20:39:26] [Global]  ★ REACTION TEST ★ Not enough players!
[20:42:40] [Global]  ★ REACTION TEST ★ Not enough players!
[20:46:22] [Global]  ★ REACTION TEST ★ Not enough players!
[20:49:35] [Global]  ★ REACTION TEST ★ Not enough players!
[20:52:58] [Global]  ★ REACTION TEST ★ Not enough players!
[20:53:58] [Global]  * Next Challenge in: 0h 09m 59s on Lemon!
[20:56:46] [Global]  ★ REACTION TEST ★ Not enough players!
[21:00:44] [Global]  ★ REACTION TEST ★ Not enough players!
[21:02:58] [Global]  * Next Challenge in: 0h 00m 59s on Lemon!
[21:03:58] [Global]  * Next map will be a Challenge on Lemon: Running Away 2
[21:04:23] [Global]  ★ REACTION TEST ★ Not enough players!
[21:07:51] [Global]  ★ REACTION TEST ★ Not enough players!
[21:11:38] [Global]  ★ REACTION TEST ★ Not enough players!
[21:15:06] [Global]  ★ REACTION TEST ★ Not enough players!
[21:18:58] [Global]  ★ REACTION TEST ★ Not enough players!
[21:22:53] [Global]  ★ REACTION TEST ★ Not enough players!
[21:23:58] [Global]  * Next Challenge in: 0h 09m 59s on Red!
[21:26:38] [Global]  ★ REACTION TEST ★ Not enough players!
[21:29:48] [Global]  ★ REACTION TEST ★ Not enough players!
[21:32:58] [Global]  * Next Challenge in: 0h 00m 59s on Red!
[21:33:07] [Global]  ★ REACTION TEST ★ Not enough players!
[21:33:58] [Global]  * Next map will be a Challenge on Red: Hehe Cool map DD
[21:37:03] [Global]  ★ REACTION TEST ★ Not enough players!
[21:40:36] [Global]  ★ REACTION TEST ★ Not enough players!
[21:44:10] [Global]  ★ REACTION TEST ★ Not enough players!
[21:47:36] [Global]  ★ REACTION TEST ★ Not enough players!
[21:51:22] [Global]  ★ REACTION TEST ★ Not enough players!
[21:53:58] [Global]  * Next Challenge in: 0h 09m 59s on Night!
[21:54:59] [Global]  ★ REACTION TEST ★ Not enough players!
[21:58:06] [Global]  ★ REACTION TEST ★ Not enough players!
[22:02:00] [Global]  ★ REACTION TEST ★ Not enough players!
[22:02:58] [Global]  * Next Challenge in: 0h 00m 59s on Night!
[22:03:58] [Global]  * Next map will be a Challenge on Night: Fresh Day
[22:05:51] [Global]  ★ REACTION TEST ★ Not enough players!
[22:09:33] [Global]  ★ REACTION TEST ★ Not enough players!
[22:12:50] [Global]  ★ REACTION TEST ★ Not enough players!
[22:16:46] [Global]  ★ REACTION TEST ★ Not enough players!
[22:20:20] [Global]  ★ REACTION TEST ★ Not enough players!
[22:23:58] [Global]  * Next Challenge in: 0h 09m 59s on Pink!
[22:24:02] [Global]  ★ REACTION TEST ★ Not enough players!
[22:27:31] [Global]  ★ REACTION TEST ★ Not enough players!
[22:31:03] [Global]  ★ REACTION TEST ★ Not enough players!
[22:32:58] [Global]  * Next Challenge in: 0h 00m 59s on Pink!
[22:33:58] [Global]  * Next map will be a Challenge on Pink: [RACE] GP Race Track
[22:34:36] [Global]  ★ REACTION TEST ★ Not enough players!
[22:37:51] [Global]  ★ REACTION TEST ★ Not enough players!
[22:41:03] [Global]  ★ REACTION TEST ★ Not enough players!
[22:44:44] [Global]  ★ REACTION TEST ★ Not enough players!
[22:48:24] [Global]  ★ REACTION TEST ★ Not enough players!
[22:52:09] [Global]  ★ REACTION TEST ★ Not enough players!
[22:53:58] [Global]  * Next Challenge in: 0h 09m 59s on Dynamic!
[22:55:55] [Global]  ★ REACTION TEST ★ Not enough players!
[22:59:48] [Global]  ★ REACTION TEST ★ Not enough players!
[23:02:58] [Global]  * Next Challenge in: 0h 00m 59s on Dynamic!
[23:03:36] [Global]  ★ REACTION TEST ★ Not enough players!
[23:03:58] [Global]  * Next map will be a Challenge on Dynamic: Free Porn 4
[23:07:09] [Global]  ★ REACTION TEST ★ Not enough players!
[23:10:12] [Global]  ★ REACTION TEST ★ Not enough players!
[23:13:19] [Global]  ★ REACTION TEST ★ Not enough players!
[23:18:07] [Global]  * Next map will be a Challenge on Lemon: Running Away 2
[23:20:23] [Global]  * Next map will be a Challenge on Lemon: Sun
[23:21:54] [Global]  * Next map will be a Challenge on Lemon: Vortex 6 DD Until Its Perfect
[23:24:45] [Global]  ★ REACTION TEST ★ Not enough players!
[23:26:18] [Global]  * Next map will be a Challenge on Lemon: Running Away 2
[23:28:41] [Global]  * Next map will be a Challenge on Lemon: Moonlight in Vodka
[23:29:35] [Red] Bonsai came here from ,   ()
[23:29:35] [Red] Nirvana 5 DD (by Hitman). Type: Classic. Played 1119 times. Price: $1142000. ice_eyes
[23:30:25] [7s] Bonsai came here from ,   ()
[23:31:02] [Global]  ★ REACTION TEST ★ Not enough players!
[23:34:37] [Global]  ★ REACTION TEST ★ Not enough players!
[23:38:10] [Global]  ★ REACTION TEST ★ Not enough players!
[23:42:06] [Global]  ★ REACTION TEST ★ Not enough players!
[23:45:08] [Global]  ★ REACTION TEST ★ Not enough players!
[23:48:15] [Global]  ★ REACTION TEST ★ Not enough players!
[23:48:41] [Global]  * Next Challenge in: 0h 09m 59s on Red!
[23:51:43] [Global]  ★ REACTION TEST ★ Not enough players!
[23:54:59] [Global]  ★ REACTION TEST ★ Not enough players!
[23:57:41] [Global]  * Next Challenge in: 0h 00m 59s on Red!
[23:59:41] [Global]  * Next map will be a Challenge on Lemon: Vortex 6 DD Until Its Perfect
