[12:29:29] [Global]  * Next map will be a Challenge on Lemon: Going-Down3
[12:33:02] [Global]  * Next map will be a Challenge on Lemon: Vortex 6 DD Until Its Perfect
[12:34:53] [Global]  * Next map will be a Challenge on Lemon: Going-Down3
[12:37:22] [Global]  * Next map will be a Challenge on Lemon: Sun
[12:38:52] [Global]  * Next map will be a Challenge on Lemon: Moonlight in Vodka
[12:40:04] [Global]  * Next map will be a Challenge on Lemon: Sun
[12:42:57] [Global]  * Next map will be a Challenge on Lemon: Running Away 2
[12:44:28] [Global]  * Next map will be a Challenge on Lemon: Vortex 6 DD Until Its Perfect
[12:46:47] [Global]  ★ REACTION TEST ★ Not enough players!
[12:49:31] [Global]  * Next map will be a Challenge on Lemon: Moonlight in Vodka
[12:50:56] [Lemon] Bonsai came here from ,   ()
[12:50:56] [Lemon] Running Away 2 (by [FOTL]Ryan and Bonsiak). Type: Oldschool. Played 607 times. Price: $625000. No Owner
[12:52:20] [Lemon] <Bonsai is checking online admins>
[12:52:28] [Global]  ★ REACTION TEST ★ Not enough players!
[12:53:00] [Lemon] Bonsai disabled AFK Detector!
[12:56:27] [Global]  ★ REACTION TEST ★ Not enough players!
[12:59:34] [Global]  ★ REACTION TEST ★ Not enough players!
[13:00:54] [Lemon] Bonsai came here from ,   ()
[13:00:54] [Lemon] Running Away 2 (by [FOTL]Ryan and Bonsiak). Type: Oldschool. Played 608 times. Price: $626000. No Owner
[13:01:22] [Lemon] New Map started by Bonsai
[13:01:22] [Lemon] Going-Down3 (by Hedning). Type: Oldschool. Played 17 times. Price: $17000. No Owner
[13:01:44] [Lemon] Bonsai disabled AFK Detector!
[13:01:48] [Global]  * Next map will be a Challenge on Lemon: Moonlight in Vodka
[13:04:11] [Global]  ★ REACTION TEST ★ Not enough players!
[13:07:14] [Global]  ★ REACTION TEST ★ Not enough players!
[13:10:27] [Global]  ★ REACTION TEST ★ Not enough players!
[13:13:48] [Global]  ★ REACTION TEST ★ Not enough players!
[13:16:47] [Lemon] * This map is a Challenge! Top 3 players will earn a prize!
[13:16:48] [Lemon] Moonlight in Vodka (by Scorpion ft. Sealine). Type: Oldschool. Played 995 times. Price: $1001000. ~xRz~Lio//\//
[13:16:57] [Global]  ★ REACTION TEST ★ Not enough players!
[13:20:32] [Global]  ★ REACTION TEST ★ Not enough players!
[13:21:48] [Global]  * Next Challenge in: 0h 09m 59s on Red!
[13:23:43] [Global]  ★ REACTION TEST ★ Not enough players!
[13:27:37] [Global]  ★ REACTION TEST ★ Not enough players!
[13:30:49] [Global]  * Next Challenge in: 0h 00m 59s on Red!
[13:30:56] [Global]  ★ REACTION TEST ★ Not enough players!
[13:31:49] [Global]  * Next map will be a Challenge on Red: BMX 5 DD
[13:32:08] [Lemon] Going-Down3 (by Hedning). Type: Oldschool. Played 18 times. Price: $18000. No Owner
[13:34:53] [Global]  ★ REACTION TEST ★ Not enough players!
[13:37:50] [Pink] Bonsai came here from ,   ()
[13:38:44] [Global]  * Next map will be a Challenge on Lemon: Vortex 6 DD Until Its Perfect
[13:39:44] [Pink] Bonsai came here from ,   ()
[13:39:44] [Pink] [RACE] SF Sunrise 300 (by Rambo Red). Type: Race. Played 195 times. Price: $196000. ice_eyes
[13:40:39] [Global]  * Next map will be a Challenge on Lemon: Running Away 2
[13:40:40] [Pink] AFK Detector: Bonsai destroyed!
[13:41:10] [Pink] AFK Detector: Bonsai destroyed!
[13:41:50] [Pink] AFK Detector: Bonsai destroyed!
[13:42:20] [Pink] AFK Detector: Bonsai destroyed!
[13:42:36] [Lemon] Bonsai came here from ,   ()
[13:42:36] [Lemon] Running Away 2 (by [FOTL]Ryan and Bonsiak). Type: Oldschool. Played 609 times. Price: $627000. No Owner
[13:42:41] [Lemon] New Map started by Bonsai
[13:42:42] [Lemon] Going-Down3 (by Hedning). Type: Oldschool. Played 19 times. Price: $19000. No Owner
[13:43:17] [Lemon] AFK Detector: Bonsai destroyed!
[13:43:29] [Global]  * Next map will be a Challenge on Lemon: Moonlight in Vodka
[13:43:47] [Lemon] AFK Detector: Bonsai destroyed!
[13:44:17] [Lemon] AFK Detector: Bonsai destroyed!
[13:44:53] [Pink] Bonsai came here from ,   ()
[13:44:54] [Pink] [RACE] POLIECHEI (by Unknown). Type: Race. Played 273 times. Price: $287000. papiez
[13:45:26] [Lemon] Bonsai came here from ,   ()
[13:45:26] [Lemon] Moonlight in Vodka (by Scorpion ft. Sealine). Type: Oldschool. Played 996 times. Price: $1002000. ~xRz~Lio//\//
[13:45:32] [Lemon] New Map started by Bonsai
[13:45:32] [Lemon] Going-Down3 (by Hedning). Type: Oldschool. Played 20 times. Price: $20000. No Owner
[13:46:12] [Global]  * Next map will be a Challenge on Lemon: Moonlight in Vodka
[13:49:08] [Global]  ★ REACTION TEST ★ Not enough players!
[13:52:44] [Global]  ★ REACTION TEST ★ Not enough players!
[13:55:48] [Global]  ★ REACTION TEST ★ Not enough players!
[13:59:35] [Global]  ★ REACTION TEST ★ Not enough players!
[14:02:58] [Global]  ★ REACTION TEST ★ Not enough players!
[14:06:03] [Global]  * Next map will be a Challenge on Lemon: Vortex 6 DD Until Its Perfect
[14:09:51] [Global]  * Next map will be a Challenge on Lemon: Sun
[14:11:52] [Global]  * Next map will be a Challenge on Lemon: Sun
[14:13:57] [Global]  * Next map will be a Challenge on Lemon: Vortex 6 DD Until Its Perfect
[14:15:52] [Global]  * Next map will be a Challenge on Lemon: Going-Down3
[14:17:24] [Global]  * Next map will be a Challenge on Lemon: Sun
[14:19:55] [Global]  ★ REACTION TEST ★ Not enough players!
[14:23:06] [Global]  * Next map will be a Challenge on Lemon: Running Away 2
[14:24:31] [Global]  * Next map will be a Challenge on Lemon: Sun
[14:25:55] [Global]  * Next map will be a Challenge on Lemon: Moonlight in Vodka
[14:27:56] [Global]  ★ REACTION TEST ★ Not enough players!
[14:32:23] [Global]  * Next map will be a Challenge on Lemon: Running Away 2
[14:34:33] [Global]  ★ REACTION TEST ★ Not enough players!
[14:38:25] [Global]  ★ REACTION TEST ★ Not enough players!
[14:41:40] [Global]  ★ REACTION TEST ★ Not enough players!
[14:45:06] [Global]  ★ REACTION TEST ★ Not enough players!
[14:49:01] [Global]  * Next map will be a Challenge on Lemon: Sun
[14:50:06] [Lemon] Bonsai came here from ,   ()
[14:50:06] [Lemon] Vortex 6 DD Until Its Perfect (by Vortex). Type: Oldschool. Played 467 times. Price: $467000. No Owner
[14:51:32] [Global]  ★ REACTION TEST ★ Not enough players!
[14:54:39] [Global]  ★ REACTION TEST ★ Not enough players!
[14:58:10] [Global]  ★ REACTION TEST ★ Not enough players!
[15:01:26] [Global]  ★ REACTION TEST ★ Not enough players!
[15:05:16] [Global]  ★ REACTION TEST ★ Not enough players!
[15:09:01] [Global]  * Next Challenge in: 0h 09m 59s on Red!
[15:09:14] [Global]  ★ REACTION TEST ★ Not enough players!
[15:12:31] [Global]  ★ REACTION TEST ★ Not enough players!
[15:16:30] [Global]  ★ REACTION TEST ★ Not enough players!
[15:18:01] [Global]  * Next Challenge in: 0h 00m 59s on Red!
[15:19:01] [Global]  * Next map will be a Challenge on Red: Airport Dogfight 2 DD
[15:20:05] [Global]  ★ REACTION TEST ★ Not enough players!
[15:24:47] [Global]  * Next map will be a Challenge on Lemon: Sun
[15:27:06] [Global]  ★ REACTION TEST ★ Not enough players!
[15:30:51] [Global]  ★ REACTION TEST ★ Not enough players!
[15:34:12] [Global]  ★ REACTION TEST ★ Not enough players!
[15:37:42] [Global]  ★ REACTION TEST ★ Not enough players!
[15:40:50] [Global]  ★ REACTION TEST ★ Not enough players!
[15:44:22] [Global]  * Next map will be a Challenge on Lemon: Going-Down3
[15:46:25] [Global]  ★ REACTION TEST ★ Not enough players!
[15:49:57] [Global]  ★ REACTION TEST ★ Not enough players!
[15:51:47] [Training] Bonsai came here from ,   ()
[15:53:27] [Global]  ★ REACTION TEST ★ Not enough players!
[15:55:12] [Training] Bonsai came here from ,   ()
[15:56:01] [Training] Bonsai came here from ,   ()
[15:56:56] [Global]  * Next map will be a Challenge on Lemon: Vortex 6 DD Until Its Perfect
[15:57:26] [Pink] Bonsai came here from ,   ()
[15:57:26] [Pink] [RACE] Rafinery Rumble (by MadMax). Type: Race. Played 201 times. Price: $205000. ice_eyes
[15:58:54] [awdawd] Bonsai came here from ,   ()
[15:59:05] [Global]  ★ REACTION TEST ★ Not enough players!
[15:59:15] [Cross] Bonsai came here from ,   ()
[15:59:16] [Cross] Zaya Training (by Zaya). Type: Cross. Played 996 times. Price: $1024000. Majestic
[16:02:43] [Global]  ★ REACTION TEST ★ Not enough players!
[16:05:45] [Global]  ★ REACTION TEST ★ Not enough players!
[16:09:35] [Global]  ★ REACTION TEST ★ Not enough players!
[16:11:02] [Global]  * Next map will be a Challenge on Lemon: Sun
[16:13:05] [Global]  ★ REACTION TEST ★ Not enough players!
[16:16:08] [Global]  ★ REACTION TEST ★ Not enough players!
[16:19:32] [Global]  ★ REACTION TEST ★ Not enough players!
[16:23:15] [Global]  ★ REACTION TEST ★ Not enough players!
[16:26:24] [Global]  ★ REACTION TEST ★ Not enough players!
[16:29:33] [Global]  ★ REACTION TEST ★ Not enough players!
[16:31:03] [Global]  * Next Challenge in: 0h 09m 59s on Red!
[16:31:32] [Lemon] Bonsai came here from ,   ()
[16:31:33] [Lemon] Sun (by [FOTL]Ryan feat. Bonsiak). Type: Oldschool. Played 696 times. Price: $729000. No Owner
[16:31:58] [Lemon] AFK Detector: Bonsai destroyed!
[16:32:13] [Lemon] Bonsai came here from ,   ()
[16:32:13] [Lemon] Moonlight in Vodka (by Scorpion ft. Sealine). Type: Oldschool. Played 997 times. Price: $1003000. ~xRz~Lio//\//
[16:32:32] [Red] Bonsai came here from ,   ()
[16:32:32] [Red] Orgi II DD (by Orgazm). Type: Classic. Played 19 times. Price: $19000. No Owner
[16:32:42] [Cross] Bonsai came here from ,   ()
[16:32:42] [Cross] Awoken DD (by Poison). Type: Cross. Played 799 times. Price: $802000. ice_eyes
[16:33:07] [Cross] AFK Detector: Bonsai destroyed!
[16:33:08] [Global]  * Next map will be a Challenge on Lemon: Sun
[16:33:20] [Cross] Cross Monster DD (by Unknown). Type: Cross. Played 699 times. Price: $708000. ice_eyes
[16:33:45] [Cross] AFK Detector: Bonsai kicked!
[16:35:39] [Global]  ★ REACTION TEST ★ Not enough players!
[16:39:27] [Global]  ★ REACTION TEST ★ Not enough players!
[16:43:02] [Global]  ★ REACTION TEST ★ Not enough players!
[16:46:20] [Global]  ★ REACTION TEST ★ Not enough players!
[16:50:09] [Global]  ★ REACTION TEST ★ Not enough players!
[16:51:32] [Global]  * Next map will be a Challenge on Lemon: Moonlight in Vodka
[16:53:40] [Global]  ★ REACTION TEST ★ Not enough players!
[16:53:56] [awdw] Bonsai came here from ,   ()
[16:56:41] [Global]  ★ REACTION TEST ★ Not enough players!
[16:57:06] [Night] Bonsai came here from ,   ()
[16:57:07] [Night] Loneliness DD (by *Mastermyke20/*). Type: Modern. Played 1 times. Price: $1000. No Owner
[16:59:45] [Global]  ★ REACTION TEST ★ Not enough players!
[17:03:33] [Global]  ★ REACTION TEST ★ Not enough players!
[17:08:48] [Global]  * Next map will be a Challenge on Lemon: Moonlight in Vodka
[17:11:07] [Global]  ★ REACTION TEST ★ Not enough players!
[17:14:37] [Global]  ★ REACTION TEST ★ Not enough players!
[17:18:03] [Global]  ★ REACTION TEST ★ Not enough players!
[17:21:40] [Global]  ★ REACTION TEST ★ Not enough players!
[17:25:12] [Global]  ★ REACTION TEST ★ Not enough players!
[17:28:36] [Global]  ★ REACTION TEST ★ Not enough players!
[17:28:48] [Global]  * Next Challenge in: 0h 09m 59s on Red!
[17:32:17] [Global]  ★ REACTION TEST ★ Not enough players!
[17:36:01] [Global]  ★ REACTION TEST ★ Not enough players!
[17:37:48] [Global]  * Next Challenge in: 0h 00m 59s on Red!
[17:38:48] [Global]  * Next map will be a Challenge on Red: Half Pipe DD
[17:39:19] [Global]  ★ REACTION TEST ★ Not enough players!
[17:43:18] [Global]  ★ REACTION TEST ★ Not enough players!
[17:46:36] [Global]  ★ REACTION TEST ★ Not enough players!
[17:49:53] [Global]  ★ REACTION TEST ★ Not enough players!
[17:53:29] [Global]  ★ REACTION TEST ★ Not enough players!
[17:56:34] [Global]  ★ REACTION TEST ★ Not enough players!
[17:58:48] [Global]  * Next Challenge in: 0h 09m 59s on Night!
[17:59:49] [Global]  ★ REACTION TEST ★ Not enough players!
[18:03:27] [Global]  ★ REACTION TEST ★ Not enough players!
[18:06:50] [Global]  ★ REACTION TEST ★ Not enough players!
[18:07:48] [Global]  * Next Challenge in: 0h 00m 59s on Night!
[18:08:48] [Global]  * Next map will be a Challenge on Night: Cross of Love DD
[18:10:45] [Global]  ★ REACTION TEST ★ Not enough players!
[18:14:12] [Global]  ★ REACTION TEST ★ Not enough players!
[18:19:58] [Global]  * Next map will be a Challenge on Lemon: Sun
[18:22:29] [Global]  ★ REACTION TEST ★ Not enough players!
[18:24:59] [Global]  * Next map will be a Challenge on Lemon: Moonlight in Vodka
[18:27:11] [Global]  ★ REACTION TEST ★ Not enough players!
[18:28:46] [Global]  * Next map will be a Challenge on Lemon: Going-Down3
[18:30:48] [Global]  ★ REACTION TEST ★ Not enough players!
[18:32:57] [Global]  * Next map will be a Challenge on Lemon: Moonlight in Vodka
[18:35:03] [Global]  * Next map will be a Challenge on Lemon: Moonlight in Vodka
[18:35:37] [Lemon] Bonsai came here from ,   ()
[18:35:37] [Lemon] Sun (by [FOTL]Ryan feat. Bonsiak). Type: Oldschool. Played 697 times. Price: $730000. No Owner
[18:36:14] [Lemon] Bonsai came here from ,   ()
[18:36:15] [Lemon] Running Away 2 (by [FOTL]Ryan and Bonsiak). Type: Oldschool. Played 610 times. Price: $628000. No Owner
[18:36:40] [Lemon] AFK Detector: Bonsai destroyed!
[18:37:53] [Global]  * Next map will be a Challenge on Lemon: Vortex 6 DD Until Its Perfect
[18:40:00] [Global]  ★ REACTION TEST ★ Not enough players!
[18:42:22] [Global]  * Next map will be a Challenge on Lemon: Going-Down3
[18:44:41] [Global]  ★ REACTION TEST ★ Not enough players!
[18:48:34] [Global]  ★ REACTION TEST ★ Not enough players!
[18:52:01] [Global]  ★ REACTION TEST ★ Not enough players!
[18:55:11] [Global]  ★ REACTION TEST ★ Not enough players!
[18:58:13] [Global]  ★ REACTION TEST ★ Not enough players!
[19:01:44] [Global]  ★ REACTION TEST ★ Not enough players!
[19:02:22] [Global]  * Next Challenge in: 0h 09m 59s on Red!
[19:04:26] [Global]  * Next map will be a Challenge on Lemon: Running Away 2
[19:05:43] [Global]  * Next map will be a Challenge on Lemon: Going-Down3
[19:07:41] [Global]  ★ REACTION TEST ★ Not enough players!
[19:12:35] [Global]  * Next map will be a Challenge on Lemon: Going-Down3
[19:14:46] [Global]  * Next map will be a Challenge on Lemon: Running Away 2
[19:18:19] [Global]  * Next map will be a Challenge on Lemon: Moonlight in Vodka
[19:20:08] [Global]  * Next map will be a Challenge on Lemon: Sun
[19:22:37] [Global]  ★ REACTION TEST ★ Not enough players!
[19:27:20] [Global]  * Next map will be a Challenge on Lemon: Going-Down3
[19:30:07] [Global]  ★ REACTION TEST ★ Not enough players!
[19:34:25] [Global]  * Next map will be a Challenge on Lemon: Vortex 6 DD Until Its Perfect
[19:35:53] [Global]  * Next map will be a Challenge on Lemon: Vortex 6 DD Until Its Perfect
[19:37:52] [Global]  * Next map will be a Challenge on Lemon: Moonlight in Vodka
[19:40:10] [Global]  * Next map will be a Challenge on Lemon: Going-Down3
[19:41:42] [Global]  * Next map will be a Challenge on Lemon: Moonlight in Vodka
[19:43:32] [Global]  * Next map will be a Challenge on Lemon: Sun
[19:46:34] [Global]  * Next map will be a Challenge on Lemon: Going-Down3
[19:47:57] [Global]  * Next map will be a Challenge on Lemon: Sun
[19:49:27] [Global]  * Next map will be a Challenge on Lemon: Sun
[19:52:00] [Global]  * Next map will be a Challenge on Lemon: Going-Down3
[19:55:12] [Global]  * Next map will be a Challenge on Lemon: Moonlight in Vodka
[19:55:38] [Lemon] Bonsai came here from ,   ()
[19:55:38] [Lemon] Moonlight in Vodka (by Scorpion ft. Sealine). Type: Oldschool. Played 998 times. Price: $1004000. ~xRz~Lio//\//
[19:56:15] [Global]  * Next map will be a Challenge on Lemon: Sun
