[21:44:18] [Global]  * Next map will be a Challenge on Lemon: Going-Down3
[21:46:20] [Global]  ★ REACTION TEST ★ Not enough players!
[21:49:41] [Global]  ★ REACTION TEST ★ Not enough players!
[21:53:09] [Global]  ★ REACTION TEST ★ Not enough players!
[21:56:24] [Global]  ★ REACTION TEST ★ Not enough players!
[21:59:57] [Global]  ★ REACTION TEST ★ Not enough players!
[22:03:13] [Global]  ★ REACTION TEST ★ Not enough players!
[22:04:18] [Global]  * Next Challenge in: 0h 09m 59s on Red!
[22:06:47] [Global]  ★ REACTION TEST ★ Not enough players!
[22:10:04] [Global]  * Next map will be a Challenge on Lemon: Running Away 2
[22:12:15] [Global]  ★ REACTION TEST ★ Not enough players!
[22:17:42] [Global]  * Next map will be a Challenge on Lemon: Running Away 2
[22:20:33] [Global]  ★ REACTION TEST ★ Not enough players!
[22:23:21] [Global]  * Next map will be a Challenge on Lemon: Vortex 6 DD Until Its Perfect
[22:26:06] [Global]  * Next map will be a Challenge on Lemon: Going-Down3
[22:27:43] [Global]  * Next map will be a Challenge on Lemon: Going-Down3
[22:30:19] [Global]  ★ REACTION TEST ★ Not enough players!
[22:34:35] [Global]  * Next map will be a Challenge on Lemon: Going-Down3
[22:36:43] [Global]  ★ REACTION TEST ★ Not enough players!
[22:39:59] [Global]  ★ REACTION TEST ★ Not enough players!
[22:43:00] [Global]  ★ REACTION TEST ★ Not enough players!
[22:47:50] [Global]  * Next map will be a Challenge on Lemon: Running Away 2
[22:50:16] [Global]  ★ REACTION TEST ★ Not enough players!
[22:52:01] [Global]  * Next map will be a Challenge on Lemon: Moonlight in Vodka
[22:54:39] [Global]  ★ REACTION TEST ★ Not enough players!
[22:58:32] [Global]  ★ REACTION TEST ★ Not enough players!
[23:02:03] [Global]  ★ REACTION TEST ★ Not enough players!
[23:05:31] [Global]  ★ REACTION TEST ★ Not enough players!
[23:08:57] [Global]  * Next map will be a Challenge on Lemon: Running Away 2
[23:10:31] [Global]  * Next map will be a Challenge on Lemon: Moonlight in Vodka
[23:11:54] [Global]  * Next map will be a Challenge on Lemon: Vortex 6 DD Until Its Perfect
[23:14:40] [Global]  * Next map will be a Challenge on Lemon: Vortex 6 DD Until Its Perfect
[23:18:34] [Global]  * Next map will be a Challenge on Lemon: Vortex 6 DD Until Its Perfect
[23:19:24] [Red] Bonsai came here from ,   ()
[23:19:24] [Red] ATO Zone 2 (by |ER|KOSTOLOM<~). Type: Classic. Played 295 times. Price: $302000. No Owner
[23:20:42] [Global]  ★ REACTION TEST ★ Not enough players!
[23:23:52] [Global]  ★ REACTION TEST ★ Not enough players!
[23:24:30] [Shooter] Bonsai came here from ,   ()
[23:24:30] [Shooter] [Shooter] Still time (by -WellingTon . Pedrin). Type: Shooter. Played 2063 times. Price: $2102000. Kurvv4|eps
[23:25:08] [Cross] Bonsai came here from ,   ()
[23:25:08] [Cross] Cross 10 DD (by Unknown). Type: Cross. Played 431 times. Price: $434000. ice_eyes
[23:25:23] [Global]  * Next map will be a Challenge on Lemon: Vortex 6 DD Until Its Perfect
[23:26:07] [Cross] Bonsai came here from ,   ()
[23:26:07] [Cross] Cross ZL DD (by Zaya and Shark). Type: Cross. Played 550 times. Price: $562000. ice_eyes
[23:26:42] [Cross] AFK Detector: Bonsai destroyed!
[23:26:56] [Cross] Bonsai came here from ,   ()
[23:26:56] [Cross] TDD Sportcars (by MIB). Type: Cross. Played 825 times. Price: $837000. ice_eyes
[23:27:37] [Shooter] Bonsai came here from ,   ()
[23:27:37] [Shooter] [Shooter] The Big Bang Theory -III- (by Diesulke & ExXoTicC). Type: Shooter. Played 1997 times. Price: $2042000. Bari|6s
[23:27:52] [Global]  * Next map will be a Challenge on Lemon: Sun
[23:29:06] [Global]  * Next map will be a Challenge on Lemon: Running Away 2
[23:29:12] [Red] Bonsai came here from ,   ()
[23:29:12] [Red] Monaco by OdinRU (by Unknown). Type: Classic. Played 455 times. Price: $464000. No Owner
[23:29:20] [Red] Bonsai came here from ,   ()
[23:29:20] [Red] Air War DD (by Unknown). Type: Classic. Played 733 times. Price: $737000. No Owner
[23:30:04] [Red] Bonsai came here from ,   ()
[23:30:05] [Red] Vulcano 2 DD (by Unknown). Type: Classic. Played 846 times. Price: $855000. Cueca7
[23:30:20] [Red] Bonsai came here from ,   ()
[23:30:20] [Red] Contumil DD (by Unknown). Type: Classic. Played 512 times. Price: $516000. [VK]Powersultan
[23:30:37] [Red] Bonsai came here from ,   ()
[23:30:37] [Red] JEK DD (by JEK). Type: Classic. Played 1444 times. Price: $1465000. BreaK
[23:30:44] [Red] Bonsai came here from ,   ()
[23:30:44] [Red] SYKA zZLO by zZLO (by Unknown). Type: Classic. Played 494 times. Price: $508000. Kurvv4|eps
[23:30:54] [Shooter] Bonsai came here from ,   ()
[23:30:55] [Shooter] [Shooter] The Big Bang Theory -I- (by ExXoTicC). Type: Shooter. Played 2025 times. Price: $2076000. ~Xr~NoMercY
[23:31:01] [Hunter] Bonsai came here from ,   ()
[23:31:01] [Hunter] [Hunter] GalaxY :) (by [E]agle#~). Type: Hunter. Played 207 times. Price: $207000. No Owner
[23:31:25] [Red] Bonsai came here from ,   ()
[23:31:25] [Red] Such Great Heights (by Zenex). Type: Classic. Played 45 times. Price: $45000. No Owner
[23:31:34] [Shooter] Bonsai came here from ,   ()
[23:31:35] [Shooter] [Shooter] ;^)yprooo ft. DeaDPooL|Ks - Simple map II ! (by ;^)yprooo=w=  DeaDPooL|KS). Type: Shooter. Played 1865 times. Price: $1899000. Kurvv4|eps
[23:31:54] [Red] Bonsai came here from ,   ()
[23:31:54] [Red] Neva_by_OdinRU (by Unknown). Type: Classic. Played 632 times. Price: $642000. No Owner
[23:32:03] [Red] Bonsai came here from ,   ()
[23:32:03] [Red] Zakuro DD (by #Zakuro~ ft. #NeRo~). Type: Classic. Played 673 times. Price: $683000. No Owner
[23:32:24] [Cross] Bonsai came here from ,   ()
[23:32:24] [Cross] Cross XT (by Unknown). Type: Cross. Played 485 times. Price: $496000. ice_eyes
[23:32:34] [Hunter] Bonsai came here from ,   ()
[23:32:34] [Hunter] [Hunter] First Time! (by //Ameer#). Type: Hunter. Played 212 times. Price: $212000. No Owner
[23:33:19] [Global]  * Next map will be a Challenge on Lemon: Vortex 6 DD Until Its Perfect
