[18:31:36] [Global]  * Next map will be a Challenge on Lemon: Running Away 2
[18:33:50] [Global]  ★ REACTION TEST ★ Not enough players!
[18:35:56] [Red] Bonsai came here from ,   ()
[18:35:57] [Red] BMX 7 DD (by Hitman). Type: Classic. Played 2345 times. Price: $2364000. BreaK
[18:37:10] [Global]  ★ REACTION TEST ★ Not enough players!
[18:39:23] [Red] Bonsai came here from ,   ()
[18:39:23] [Red] BMX 3 DD (by Alejo ft Frizee). Type: Classic. Played 3229 times. Price: $3267000. Kurvv4|eps
[18:39:40] [Lemon] Bonsai came here from ,   ()
[18:39:40] [Lemon] Moonlight in Vodka (by Scorpion ft. Sealine). Type: Oldschool. Played 985 times. Price: $991000. ~xRz~Lio//\//
[18:39:47] [Global]  * Next map will be a Challenge on Lemon: Vortex 6 DD Until Its Perfect
[18:40:02] [Lemon] Bonsai came here from ,   ()
[18:40:02] [Lemon] * This map is a Challenge! Top 3 players will earn a prize!
[18:40:02] [Lemon] Vortex 6 DD Until Its Perfect (by Vortex). Type: Oldschool. Played 465 times. Price: $465000. No Owner
[18:40:33] [Red] Bonsai came here from ,   ()
[18:40:33] [Red] Driver (by Unknown). Type: Classic. Played 1487 times. Price: $1500000. ice_eyes
[18:41:06] [Red] Bonsai came here from ,   ()
[18:41:06] [Red] Run For Your Life (by R.I.P.). Type: Classic. Played 27 times. Price: $29000. [DD]xerxos
[18:41:22] [Global]  * Next map will be a Challenge on Lemon: Going-Down3
[18:43:49] [Global]  ★ REACTION TEST ★ Not enough players!
[18:47:07] [Global]  ★ REACTION TEST ★ Not enough players!
[18:48:50] [Red] Bonsai came here from ,   ()
[18:48:50] [Red] Lanet bok herif haritasi (by Wesley). Type: Classic. Played 685 times. Price: $705000. No Owner
[18:49:18] [Red] <Bonsai is checking online admins>
[18:49:44] [Global]  * Next map will be a Challenge on Lemon: Vortex 6 DD Until Its Perfect
[18:52:08] [Global]  ★ REACTION TEST ★ Not enough players!
[18:55:55] [Global]  ★ REACTION TEST ★ Not enough players!
[18:59:09] [Global]  ★ REACTION TEST ★ Not enough players!
[19:01:24] [Shooter] Bonsai came here from ,   ()
[19:01:24] [Shooter] [Shooter] Still time (by -WellingTon . Pedrin). Type: Shooter. Played 2064 times. Price: $2103000. Kurvv4|eps
[19:01:30] [Shooter] Bonsai came here from ,   ()
[19:01:31] [Shooter] [Shooter] The Big Bang Theory -III- (by Diesulke & ExXoTicC). Type: Shooter. Played 2001 times. Price: $2046000. Bari|6s
[19:01:39] [Shooter] Bonsai came here from ,   ()
[19:01:39] [Shooter] [Shooter] The Big Bang Theory -I- (by ExXoTicC). Type: Shooter. Played 2026 times. Price: $2077000. ~Xr~NoMercY
[19:01:59] [Cross] Bonsai came here from ,   ()
[19:01:59] [Cross] Cross Nyan Cat DD (by Flare and NoFear). Type: Cross. Played 565 times. Price: $571000. ice_eyes
[19:02:11] [Cross] Bonsai came here from ,   ()
[19:02:11] [Cross] Cross 28 DD (by Unknown). Type: Cross. Played 2025 times. Price: $2045000. ice_eyes
[19:02:41] [Lemon] Bonsai came here from ,   ()
[19:02:42] [Lemon] Going-Down3 (by Hedning). Type: Oldschool. Played 15 times. Price: $15000. No Owner
[19:03:02] [Lemon] Bonsai came here from ,   ()
[19:03:03] [Lemon] Sun (by [FOTL]Ryan feat. Bonsiak). Type: Oldschool. Played 693 times. Price: $726000. No Owner
[19:03:17] [Lemon] Bonsai came here from ,   ()
[19:03:18] [Lemon] Running Away 2 (by [FOTL]Ryan and Bonsiak). Type: Oldschool. Played 603 times. Price: $621000. No Owner
[19:03:36] [Global]  * Next map will be a Challenge on Lemon: Running Away 2
[19:04:06] [Red] Bonsai came here from ,   ()
[19:04:06] [Red] Ultra Jumps DD (by Unknown). Type: Classic. Played 793 times. Price: $796000. No Owner
[19:04:16] [Lemon] Bonsai came here from ,   ()
[19:04:17] [Lemon] Moonlight in Vodka (by Scorpion ft. Sealine). Type: Oldschool. Played 986 times. Price: $992000. ~xRz~Lio//\//
[19:04:36] [Lemon] Bonsai came here from ,   ()
[19:04:36] [Lemon] Running Away 2 (by [FOTL]Ryan and Bonsiak). Type: Oldschool. Played 604 times. Price: $622000. No Owner
[19:04:50] [Red] Bonsai came here from ,   ()
[19:04:51] [Red] Jump 3 DD (by Unknown). Type: Classic. Played 1560 times. Price: $1573000. Kurvv4|eps
[19:04:57] [Red] Bonsai came here from ,   ()
[19:04:57] [Red] Tube 1 (by tma). Type: Classic. Played 11 times. Price: $11000. No Owner
[19:05:10] [Night] Bonsai came here from ,   ()
[19:05:11] [Night] Say Nothing (by LycaN). Type: Modern. Played 1 times. Price: $1000. No Owner
[19:05:19] [Night] Bonsai came here from ,   ()
[19:05:20] [Night] Guardian DD (by Flux, BreAkeR). Type: Modern. Played 1 times. Price: $1000. No Owner
[19:05:26] [Night] Bonsai came here from ,   ()
[19:05:26] [Night] JoJo DD (by ^FreeStyle^). Type: Modern. Played 1 times. Price: $1000. No Owner
[19:05:32] [Night] Bonsai came here from ,   ()
[19:05:33] [Night] Vortex 2 DD (by Vortex). Type: Modern. Played 1 times. Price: $1000. No Owner
[19:05:47] [Night] Bonsai came here from ,   ()
[19:05:48] [Night] Polish Dream DD (by [FOTL]RadziuzPolski). Type: Modern. Played 1 times. Price: $1000. No Owner
[19:05:55] [Night] Bonsai came here from ,   ()
[19:05:56] [Night] Protocol Phantom (by Daan). Type: Modern. Played 3 times. Price: $3000. No Owner
[19:06:03] [Night] Bonsai came here from ,   ()
[19:06:04] [Night] Project Nova DD (by iRenox & LabiVila & XMattix & Scar). Type: Modern. Played 1 times. Price: $1000. No Owner
[19:06:05] [Global]  * Next map will be a Challenge on Lemon: Moonlight in Vodka
[19:07:12] [Global]  * Next map will be a Challenge on Lemon: Moonlight in Vodka
[19:09:45] [Global]  ★ REACTION TEST ★ Not enough players!
[19:12:53] [Global]  ★ REACTION TEST ★ Not enough players!
[19:16:25] [Global]  ★ REACTION TEST ★ Not enough players!
[19:19:34] [Global]  ★ REACTION TEST ★ Not enough players!
[19:23:33] [Global]  ★ REACTION TEST ★ Not enough players!
[19:27:12] [Global]  * Next Challenge in: 0h 09m 59s on Red!
[19:27:17] [Global]  ★ REACTION TEST ★ Not enough players!
[19:30:42] [Global]  ★ REACTION TEST ★ Not enough players!
[19:33:17] [Red] Bonsai came here from ,   ()
[19:33:17] [Red] Bridge DD by EMin3M (by Unknown). Type: Classic. Played 628 times. Price: $632000. No Owner
[19:33:38] [Red] Bonsai came here from ,   ()
[19:33:38] [Red] Casino Royale DD (by Unknown). Type: Classic. Played 671 times. Price: $680000. satan
[19:34:29] [Global]  * Next map will be a Challenge on Lemon: Sun
[19:37:19] [Global]  ★ REACTION TEST ★ Not enough players!
[19:37:59] [Red] Bonsai came here from ,   ()
[19:37:59] [Red] NoN StoP (by NK WRocK Kz). Type: Classic. Played 600 times. Price: $611000. No Owner
[19:38:09] [Red] Bonsai came here from ,   ()
[19:38:10] [Red] Metatron 4 DD The end (by Metatron). Type: Classic. Played 14 times. Price: $15000. [INT]Nos
[19:38:20] [Red] Bonsai came here from ,   ()
[19:38:21] [Red] BMX Miniskillz 3 (by [TPI]Nocturnal). Type: Classic. Played 1325 times. Price: $1338000. BreaK
[19:38:29] [Red] Bonsai came here from ,   ()
[19:38:30] [Red] Tic Tac DD (by [007]Maicol). Type: Classic. Played 765 times. Price: $770000. No Owner
[19:38:34] [Red] Bonsai came here from ,   ()
[19:38:35] [Red] Air War DD (by Unknown). Type: Classic. Played 736 times. Price: $740000. No Owner
[19:38:39] [Night] Bonsai came here from ,   ()
[19:38:40] [Night] Magic Hands (by Tomba120 and Art). Type: Modern. Played 1 times. Price: $1000. No Owner
[19:39:27] [Global]  * Next map will be a Challenge on Lemon: Moonlight in Vodka
[19:41:38] [Global]  ★ REACTION TEST ★ Not enough players!
[19:45:27] [Global]  ★ REACTION TEST ★ Not enough players!
[19:48:56] [Global]  * Next map will be a Challenge on Lemon: Running Away 2
[19:51:19] [Global]  ★ REACTION TEST ★ Not enough players!
[19:54:33] [Global]  ★ REACTION TEST ★ Not enough players!
[19:57:37] [Global]  ★ REACTION TEST ★ Not enough players!
[20:01:07] [Global]  ★ REACTION TEST ★ Not enough players!
[20:04:28] [Global]  ★ REACTION TEST ★ Not enough players!
[20:07:51] [Global]  ★ REACTION TEST ★ Not enough players!
[20:08:56] [Global]  * Next Challenge in: 0h 09m 59s on Red!
[20:11:28] [Global]  ★ REACTION TEST ★ Not enough players!
[20:14:45] [Global]  ★ REACTION TEST ★ Not enough players!
[20:17:56] [Global]  * Next Challenge in: 0h 00m 59s on Red!
[20:18:39] [Global]  ★ REACTION TEST ★ Not enough players!
[20:18:56] [Global]  * Next map will be a Challenge on Red: I dont know DD
[20:22:28] [Global]  ★ REACTION TEST ★ Not enough players!
[20:25:39] [Global]  ★ REACTION TEST ★ Not enough players!
[20:28:49] [Global]  ★ REACTION TEST ★ Not enough players!
[20:32:37] [Global]  ★ REACTION TEST ★ Not enough players!
[20:36:00] [Global]  ★ REACTION TEST ★ Not enough players!
[20:38:56] [Global]  * Next Challenge in: 0h 09m 59s on Night!
[20:39:53] [Global]  ★ REACTION TEST ★ Not enough players!
[20:43:53] [Global]  ★ REACTION TEST ★ Not enough players!
[20:46:59] [Global]  ★ REACTION TEST ★ Not enough players!
[20:47:56] [Global]  * Next Challenge in: 0h 00m 59s on Night!
[20:48:30] [Lemon] Bonsai came here from ,   ()
[20:48:30] [Lemon] Vortex 6 DD Until Its Perfect (by Vortex). Type: Oldschool. Played 466 times. Price: $466000. No Owner
[20:48:56] [Global]  * Next map will be a Challenge on Night: Rock Land 3 DD
[20:50:53] [Global]  ★ REACTION TEST ★ Not enough players!
[20:53:53] [Global]  ★ REACTION TEST ★ Not enough players!
[20:57:24] [Global]  ★ REACTION TEST ★ Not enough players!
[21:00:57] [Global]  ★ REACTION TEST ★ Not enough players!
[21:04:37] [Global]  ★ REACTION TEST ★ Not enough players!
[21:08:36] [Global]  ★ REACTION TEST ★ Not enough players!
[21:08:56] [Global]  * Next Challenge in: 0h 09m 59s on Pink!
[21:12:18] [Global]  ★ REACTION TEST ★ Not enough players!
[21:16:10] [Global]  ★ REACTION TEST ★ Not enough players!
[21:17:56] [Global]  * Next Challenge in: 0h 00m 59s on Pink!
[21:18:56] [Global]  * Next map will be a Challenge on Pink: [RACE] ENeRGY AGaIN
[21:20:03] [Global]  ★ REACTION TEST ★ Not enough players!
[21:23:43] [Global]  ★ REACTION TEST ★ Not enough players!
[21:25:56] [Global]  * Next map will be a Challenge on Lemon: Sun
[21:27:24] [Global]  * Next map will be a Challenge on Lemon: Moonlight in Vodka
[21:29:25] [Global]  ★ REACTION TEST ★ Not enough players!
[21:32:33] [Global]  ★ REACTION TEST ★ Not enough players!
[21:36:12] [Global]  ★ REACTION TEST ★ Not enough players!
[21:39:34] [Global]  ★ REACTION TEST ★ Not enough players!
[21:43:20] [Global]  ★ REACTION TEST ★ Not enough players!
[21:47:13] [Global]  ★ REACTION TEST ★ Not enough players!
[21:47:24] [Global]  * Next Challenge in: 0h 09m 59s on Red!
[21:50:14] [Global]  ★ REACTION TEST ★ Not enough players!
[21:54:14] [Global]  ★ REACTION TEST ★ Not enough players!
[21:56:24] [Global]  * Next Challenge in: 0h 00m 59s on Red!
[21:57:24] [Global]  * Next map will be a Challenge on Red: Comoloko BMX 2
[21:57:56] [Global]  ★ REACTION TEST ★ Not enough players!
[22:01:26] [Global]  ★ REACTION TEST ★ Not enough players!
[22:04:37] [Global]  ★ REACTION TEST ★ Not enough players!
[22:07:45] [Global]  ★ REACTION TEST ★ Not enough players!
[22:11:13] [Global]  ★ REACTION TEST ★ Not enough players!
[22:15:12] [Global]  ★ REACTION TEST ★ Not enough players!
[22:17:24] [Global]  * Next Challenge in: 0h 09m 59s on Night!
[22:18:45] [Global]  ★ REACTION TEST ★ Not enough players!
[22:22:40] [Global]  ★ REACTION TEST ★ Not enough players!
[22:26:24] [Global]  * Next Challenge in: 0h 00m 59s on Night!
[22:26:27] [Global]  ★ REACTION TEST ★ Not enough players!
[22:27:24] [Global]  * Next map will be a Challenge on Night: San Infernus Returns
[22:29:46] [Global]  ★ REACTION TEST ★ Not enough players!
[22:33:12] [Global]  ★ REACTION TEST ★ Not enough players!
[22:36:35] [Global]  ★ REACTION TEST ★ Not enough players!
[22:39:43] [Global]  ★ REACTION TEST ★ Not enough players!
[22:43:06] [Global]  ★ REACTION TEST ★ Not enough players!
[22:46:29] [Global]  ★ REACTION TEST ★ Not enough players!
[22:47:24] [Global]  * Next Challenge in: 0h 09m 59s on Pink!
[22:50:15] [Global]  ★ REACTION TEST ★ Not enough players!
[22:53:56] [Global]  ★ REACTION TEST ★ Not enough players!
[22:56:24] [Global]  * Next Challenge in: 0h 00m 59s on Pink!
[22:57:16] [Global]  ★ REACTION TEST ★ Not enough players!
[22:57:24] [Global]  * Next map will be a Challenge on Pink: [RACE] Offroad BLASTAround
[23:00:43] [Global]  ★ REACTION TEST ★ Not enough players!
[23:04:31] [Global]  ★ REACTION TEST ★ Not enough players!
[23:08:25] [Global]  ★ REACTION TEST ★ Not enough players!
[23:11:39] [Global]  ★ REACTION TEST ★ Not enough players!
[23:15:14] [Global]  ★ REACTION TEST ★ Not enough players!
[23:17:24] [Global]  * Next Challenge in: 0h 09m 59s on Dynamic!
[23:19:11] [Global]  ★ REACTION TEST ★ Not enough players!
[23:22:18] [Global]  ★ REACTION TEST ★ Not enough players!
[23:25:35] [Global]  ★ REACTION TEST ★ Not enough players!
[23:26:24] [Global]  * Next Challenge in: 0h 00m 59s on Dynamic!
[23:27:24] [Global]  * Next map will be a Challenge on Dynamic: 6 Portal
[23:28:53] [Global]  ★ REACTION TEST ★ Not enough players!
[23:31:55] [Global]  ★ REACTION TEST ★ Not enough players!
[23:35:53] [Global]  ★ REACTION TEST ★ Not enough players!
[23:40:21] [Global]  * Next map will be a Challenge on Lemon: Moonlight in Vodka
[23:41:58] [Global]  * Next map will be a Challenge on Lemon: Sun
[23:44:23] [Global]  * Next map will be a Challenge on Lemon: Going-Down3
[23:45:27] [Global]  * Next map will be a Challenge on Lemon: Sun
[23:47:37] [Global]  ★ REACTION TEST ★ Not enough players!
[23:49:20] [Global]  * Next map will be a Challenge on Lemon: Vortex 6 DD Until Its Perfect
[23:53:17] [Global]  * Next map will be a Challenge on Lemon: Going-Down3
[23:54:32] [Global]  * Next map will be a Challenge on Lemon: Running Away 2
[23:58:35] [Global]  * Next map will be a Challenge on Lemon: Running Away 2
