[20:09:14] [Global]  * Next map will be a Challenge on Lemon: Moonlight in Vodka
[20:11:31] [Global]  ★ REACTION TEST ★ Not enough players!
[20:13:40] [Global]  * Next map will be a Challenge on Lemon: Going-Down3
[20:16:05] [Global]  ★ REACTION TEST ★ Not enough players!
[20:19:49] [Global]  ★ REACTION TEST ★ Not enough players!
[20:20:53] [Global]  * Next map will be a Challenge on Lemon: Going-Down3
[20:22:56] [Global]  ★ REACTION TEST ★ Not enough players!
[20:26:41] [Global]  ★ REACTION TEST ★ Not enough players!
[20:30:37] [Global]  ★ REACTION TEST ★ Not enough players!
[20:33:58] [Global]  ★ REACTION TEST ★ Not enough players!
[20:36:59] [Global]  ★ REACTION TEST ★ Not enough players!
[20:38:51] [Global]  * Next map will be a Challenge on Lemon: Sun
[20:40:51] [Global]  ★ REACTION TEST ★ Not enough players!
[20:43:32] [Pink] Bonsai came here from ,   ()
[20:43:32] [Pink] [RACE] CASIN0 R0YAL (by zole). Type: Race. Played 226 times. Price: $228000. No Owner
[20:44:04] [Global]  * Next map will be a Challenge on Lemon: Going-Down3
[20:47:00] [Global]  ★ REACTION TEST ★ Not enough players!
[20:50:59] [Global]  ★ REACTION TEST ★ Not enough players!
[20:54:45] [Global]  ★ REACTION TEST ★ Not enough players!
[20:57:27] [Global]  * Next map will be a Challenge on Lemon: Vortex 6 DD Until Its Perfect
[20:58:32] [Global]  * Next map will be a Challenge on Lemon: Vortex 6 DD Until Its Perfect
[21:00:45] [Global]  ★ REACTION TEST ★ Not enough players!
[21:04:24] [Global]  * Next map will be a Challenge on Lemon: Moonlight in Vodka
[21:06:35] [Global]  ★ REACTION TEST ★ Not enough players!
[21:10:02] [Global]  ★ REACTION TEST ★ Not enough players!
[21:13:55] [Global]  ★ REACTION TEST ★ Not enough players!
[21:17:13] [Global]  ★ REACTION TEST ★ Not enough players!
[21:20:28] [Global]  ★ REACTION TEST ★ Not enough players!
[21:23:59] [Global]  ★ REACTION TEST ★ Not enough players!
[21:24:24] [Global]  * Next Challenge in: 0h 09m 59s on Red!
[21:27:27] [Global]  * Next map will be a Challenge on Lemon: Sun
[21:29:45] [Global]  ★ REACTION TEST ★ Not enough players!
[21:33:10] [Global]  ★ REACTION TEST ★ Not enough players!
[21:36:16] [Global]  ★ REACTION TEST ★ Not enough players!
[21:39:56] [Global]  ★ REACTION TEST ★ Not enough players!
[21:43:26] [Global]  * Next map will be a Challenge on Lemon: Sun
[21:45:34] [Global]  * Next map will be a Challenge on Lemon: Sun
[21:47:27] [Global]  * Next map will be a Challenge on Lemon: Going-Down3
[21:49:48] [Global]  ★ REACTION TEST ★ Not enough players!
[21:52:18] [Global]  * Next map will be a Challenge on Lemon: Moonlight in Vodka
[21:53:25] [Global]  * Next map will be a Challenge on Lemon: Sun
[21:54:33] [Global]  * Next map will be a Challenge on Lemon: Vortex 6 DD Until Its Perfect
[21:55:39] [Global]  * Next map will be a Challenge on Lemon: Going-Down3
[21:58:28] [Global]  * Next map will be a Challenge on Lemon: Going-Down3
[21:59:56] [Global]  * Next map will be a Challenge on Lemon: Going-Down3
[22:01:44] [Training] Bonsai came here from ,   ()
