[11:59:53] [Global]  * Next map will be a Challenge on Lemon: Moonlight in Vodka
[12:02:41] [Global]  ★ REACTION TEST ★ Not enough players!
[12:06:15] [Global]  ★ REACTION TEST ★ Not enough players!
[12:07:33] [Global]  * Next map will be a Challenge on Lemon: Running Away 2
[12:11:04] [Global]  * Next map will be a Challenge on Lemon: Vortex 6 DD Until Its Perfect
[12:13:21] [Global]  ★ REACTION TEST ★ Not enough players!
[12:16:44] [Global]  * Next map will be a Challenge on Lemon: Running Away 2
[12:19:48] [Global]  * Next map will be a Challenge on Lemon: Sun
[12:20:09] [dawdawd] Bonsai came here from ,   ()
[12:20:26] [dawdawd] <Bonsai is checking online admins>
[12:20:50] [Global]  * Next map will be a Challenge on Lemon: Vortex 6 DD Until Its Perfect
[12:23:09] [Global]  ★ REACTION TEST ★ Not enough players!
[12:25:29] [awdawd] Bonsai came here from ,   ()
[12:26:14] [Global]  * Next map will be a Challenge on Lemon: Running Away 2
[12:26:15] [DDC] Bonsai came here from ,   ()
[12:28:23] [Global]  ★ REACTION TEST ★ Not enough players!
[12:31:59] [Global]  ★ REACTION TEST ★ Not enough players!
[12:35:14] [Global]  ★ REACTION TEST ★ Not enough players!
[12:38:59] [Global]  ★ REACTION TEST ★ Not enough players!
[12:42:04] [Global]  ★ REACTION TEST ★ Not enough players!
[12:45:13] [Global]  ★ REACTION TEST ★ Not enough players!
[12:46:12] [Global]  * Next Challenge in: 0h 09m 59s on Red!
[12:48:52] [Global]  ★ REACTION TEST ★ Not enough players!
[12:52:43] [Global]  ★ REACTION TEST ★ Not enough players!
[12:55:12] [Global]  * Next Challenge in: 0h 00m 59s on Red!
[12:56:12] [Global]  * Next map will be a Challenge on Red: TuTaHuK
[12:56:14] [Global]  ★ REACTION TEST ★ Not enough players!
[12:59:14] [Global]  ★ REACTION TEST ★ Not enough players!
[13:02:32] [Global]  ★ REACTION TEST ★ Not enough players!
[13:05:41] [Global]  ★ REACTION TEST ★ Not enough players!
[13:09:24] [Global]  ★ REACTION TEST ★ Not enough players!
[13:12:24] [Global]  * Next map will be a Challenge on Lemon: Going-Down3
[13:17:08] [Global]  * Next map will be a Challenge on Lemon: Sun
[13:19:55] [Global]  ★ REACTION TEST ★ Not enough players!
[13:23:51] [Global]  ★ REACTION TEST ★ Not enough players!
[13:27:03] [Global]  ★ REACTION TEST ★ Not enough players!
[13:30:55] [Global]  ★ REACTION TEST ★ Not enough players!
[13:34:27] [Global]  ★ REACTION TEST ★ Not enough players!
[13:36:39] [Global]  * Next map will be a Challenge on Lemon: Moonlight in Vodka
[13:39:04] [Global]  ★ REACTION TEST ★ Not enough players!
[13:42:05] [Global]  ★ REACTION TEST ★ Not enough players!
[13:45:26] [Global]  ★ REACTION TEST ★ Not enough players!
[13:48:49] [Global]  ★ REACTION TEST ★ Not enough players!
[13:51:58] [Global]  ★ REACTION TEST ★ Not enough players!
[13:55:36] [Global]  ★ REACTION TEST ★ Not enough players!
[13:56:39] [Global]  * Next Challenge in: 0h 09m 59s on Red!
[13:59:10] [Global]  ★ REACTION TEST ★ Not enough players!
[14:02:45] [Global]  ★ REACTION TEST ★ Not enough players!
[14:05:39] [Global]  * Next Challenge in: 0h 00m 59s on Red!
[14:06:39] [Global]  * Next map will be a Challenge on Red: WhoIsTheFirst SpermatozoidsRun
[14:06:40] [Global]  ★ REACTION TEST ★ Not enough players!
[14:08:09] [awdawd] Bonsai came here from ,   ()
[14:08:37] [Global]  * Next map will be a Challenge on Lemon: Going-Down3
[14:11:36] [Global]  ★ REACTION TEST ★ Not enough players!
[14:14:41] [Global]  * Next map will be a Challenge on Lemon: Going-Down3
[14:17:19] [Global]  ★ REACTION TEST ★ Not enough players!
[14:21:09] [Global]  ★ REACTION TEST ★ Not enough players!
[14:23:07] [Training] Bonsai came here from ,   ()
[14:23:39] [wadawd] Bonsai came here from ,   ()
[14:24:01] [Global]  * Next map will be a Challenge on Lemon: Going-Down3
[14:26:24] [Global]  ★ REACTION TEST ★ Not enough players!
[14:30:15] [Global]  ★ REACTION TEST ★ Not enough players!
[14:34:00] [Global]  ★ REACTION TEST ★ Not enough players!
[14:35:26] [Red] Bonsai came here from ,   ()
[14:35:26] [Red] Beene DD (by Unknown). Type: Classic. Played 604 times. Price: $616000. No Owner
[14:38:00] [Global]  ★ REACTION TEST ★ Not enough players!
[14:40:35] [Training] Bonsai came here from ,   ()
[14:41:10] [Global]  ★ REACTION TEST ★ Not enough players!
[14:44:01] [Global]  * Next Challenge in: 0h 09m 59s on Red!
[14:45:02] [Global]  ★ REACTION TEST ★ Not enough players!
[14:48:32] [Global]  ★ REACTION TEST ★ Not enough players!
[14:52:10] [Global]  ★ REACTION TEST ★ Not enough players!
[14:53:01] [Global]  * Next Challenge in: 0h 00m 59s on Red!
[14:54:01] [Global]  * Next map will be a Challenge on Red: Run For Your Life
[14:55:20] [Global]  ★ REACTION TEST ★ Not enough players!
[14:56:08] [Lemon] Bonsai came here from ,   ()
[14:56:08] [Lemon] Going-Down3 (by Hedning). Type: Oldschool. Played 16 times. Price: $16000. No Owner
[14:56:33] [Lemon] AFK Detector: Bonsai destroyed!
[14:59:16] [Global]  ★ REACTION TEST ★ Not enough players!
[15:02:23] [Pink] Bonsai came here from ,   ()
[15:02:24] [Pink] [RACE] Monte Inferno (by AcidbRain, Dockinoke, Kninum). Type: Race. Played 298 times. Price: $302000. papiez
[15:03:09] [Global]  ★ REACTION TEST ★ Not enough players!
[15:07:08] [Global]  ★ REACTION TEST ★ Not enough players!
[15:10:33] [Global]  ★ REACTION TEST ★ Not enough players!
[15:13:40] [Global]  ★ REACTION TEST ★ Not enough players!
[15:14:01] [Global]  * Next Challenge in: 0h 09m 59s on Night!
[15:17:09] [Global]  ★ REACTION TEST ★ Not enough players!
[15:20:25] [Global]  ★ REACTION TEST ★ Not enough players!
[15:23:01] [Global]  * Next Challenge in: 0h 00m 59s on Night!
[15:24:01] [Global]  * Next map will be a Challenge on Night: Unicorn DD
[15:24:08] [Global]  ★ REACTION TEST ★ Not enough players!
[15:27:27] [Global]  ★ REACTION TEST ★ Not enough players!
[15:31:01] [Global]  ★ REACTION TEST ★ Not enough players!
[15:34:03] [Global]  ★ REACTION TEST ★ Not enough players!
[15:37:24] [Global]  ★ REACTION TEST ★ Not enough players!
[15:41:23] [Global]  ★ REACTION TEST ★ Not enough players!
[15:44:01] [Global]  * Next Challenge in: 0h 09m 59s on Pink!
[15:45:09] [Global]  ★ REACTION TEST ★ Not enough players!
