[15:49:48] [Global]  * Next map will be a Challenge on Lemon: Sun
[15:50:21] [Training] Bonsai came here from ,   ()
[15:52:21] [Global]  ★ REACTION TEST ★ Not enough players!
[15:55:49] [Global]  ★ REACTION TEST ★ Not enough players!
[15:59:27] [Global]  ★ REACTION TEST ★ Not enough players!
[16:03:17] [Global]  ★ REACTION TEST ★ Not enough players!
[16:06:47] [Global]  ★ REACTION TEST ★ Not enough players!
[16:09:48] [Global]  * Next Challenge in: 0h 10m 00s on Red!
[16:09:49] [Global]  ★ REACTION TEST ★ Not enough players!
[16:13:48] [Global]  ★ REACTION TEST ★ Not enough players!
[16:17:16] [Global]  ★ REACTION TEST ★ Not enough players!
[16:18:48] [Global]  * Next Challenge in: 0h 00m 59s on Red!
[16:19:48] [Global]  * Next map will be a Challenge on Red: Cordoba DD
[16:20:53] [Global]  ★ REACTION TEST ★ Not enough players!
[16:24:47] [Global]  ★ REACTION TEST ★ Not enough players!
[16:27:54] [Global]  ★ REACTION TEST ★ Not enough players!
[16:31:50] [Global]  ★ REACTION TEST ★ Not enough players!
[16:35:39] [Global]  ★ REACTION TEST ★ Not enough players!
[16:39:17] [Global]  ★ REACTION TEST ★ Not enough players!
[16:39:48] [Global]  * Next Challenge in: 0h 09m 59s on Night!
[16:43:14] [Global]  ★ REACTION TEST ★ Not enough players!
[16:46:58] [Global]  ★ REACTION TEST ★ Not enough players!
[16:48:48] [Global]  * Next Challenge in: 0h 00m 59s on Night!
[16:49:48] [Global]  * Next map will be a Challenge on Night: Rally Rock
[16:50:06] [Global]  ★ REACTION TEST ★ Not enough players!
