[21:39:09] [Global]  * Next map will be a Challenge on Lemon: Going-Down3
[21:39:58] [Training] Bonsai came here from ,   ()
[21:41:45] [Global]  * Next map will be a Challenge on Lemon: Going-Down3
[21:43:58] [Global]  ★ REACTION TEST ★ Not enough players!
[21:47:45] [Global]  ★ REACTION TEST ★ Not enough players!
[21:51:17] [Global]  ★ REACTION TEST ★ Not enough players!
[21:54:19] [Global]  ★ REACTION TEST ★ Not enough players!
[21:57:34] [Global]  ★ REACTION TEST ★ Not enough players!
[22:01:05] [Global]  ★ REACTION TEST ★ Not enough players!
[22:01:45] [Global]  * Next Challenge in: 0h 09m 59s on Red!
[22:04:49] [Global]  ★ REACTION TEST ★ Not enough players!
[22:07:21] [Freeroam] Bonsai came here from ,   ()
[22:08:08] [Global]  * Next map will be a Challenge on Lemon: Vortex 6 DD Until Its Perfect
[22:08:41] [Freeroam] Bonsai came here from ,   ()
[22:09:07] [Freeroam] Bonsai came here from ,   ()
[22:09:24] [Hunter] Bonsai came here from ,   ()
[22:09:25] [Hunter] [HUNTER] Xperia - Fight or Die (by FtF!/Xperia#<~). Type: Hunter. Played 3586 times. Price: $3638000. Bari|6s
[22:09:40] [Freeroam] Bonsai came here from ,   ()
[22:10:33] [Freeroam] Bonsai came here from ,   ()
[22:11:21] [Freeroam] Bonsai came here from ,   ()
[22:12:13] [Global]  * Next map will be a Challenge on Lemon: Going-Down3
[22:12:56] [Freeroam] Bonsai came here from ,   ()
[22:13:42] [Freeroam] Bonsai came here from ,   ()
[22:14:36] [Global]  * Next map will be a Challenge on Lemon: Going-Down3
[22:15:48] [Freeroam] Bonsai came here from ,   ()
[22:16:29] [Global]  * Next map will be a Challenge on Lemon: Vortex 6 DD Until Its Perfect
[22:18:48] [Global]  ★ REACTION TEST ★ Not enough players!
[22:18:53] [Freeroam] Bonsai came here from ,   ()
[22:19:50] [Global]  * Next map will be a Challenge on Lemon: Sun
[22:22:50] [Global]  ★ REACTION TEST ★ Not enough players!
[22:25:53] [Hunter] Bonsai came here from ,   ()
[22:25:54] [Hunter] [Hunter] First Time! (by //Ameer#). Type: Hunter. Played 210 times. Price: $210000. No Owner
[22:26:55] [Freeroam] Bonsai came here from ,   ()
[22:27:36] [Global]  * Next map will be a Challenge on Lemon: Running Away 2
[22:30:03] [Global]  ★ REACTION TEST ★ Not enough players!
[22:33:34] [Global]  ★ REACTION TEST ★ Not enough players!
[22:37:43] [Global]  * Next map will be a Challenge on Lemon: Moonlight in Vodka
[22:38:28] [Hunter] Bonsai came here from ,   ()
[22:38:28] [Hunter] [Hunter] First Time! (by //Ameer#). Type: Hunter. Played 211 times. Price: $211000. No Owner
[22:39:15] [Global]  * Next map will be a Challenge on Lemon: Going-Down3
[22:40:38] [Training] Bonsai came here from ,   ()
[22:41:52] [Training] Bonsai came here from ,   ()
[22:42:40] [Global]  * Next map will be a Challenge on Lemon: Sun
[22:44:53] [Global]  ★ REACTION TEST ★ Not enough players!
[22:48:07] [Global]  ★ REACTION TEST ★ Not enough players!
[22:51:17] [Global]  ★ REACTION TEST ★ Not enough players!
[22:55:13] [Global]  ★ REACTION TEST ★ Not enough players!
[22:58:46] [Global]  ★ REACTION TEST ★ Not enough players!
[23:02:13] [Global]  ★ REACTION TEST ★ Not enough players!
[23:03:32] [Global]  * Next map will be a Challenge on Lemon: Running Away 2
[23:04:22] [Shooter] Bonsai came here from ,   ()
[23:04:22] [Shooter] [Shooter] ;^)yprooo ft. DeaDPooL|Ks - Simple map II ! (by ;^)yprooo=w=  DeaDPooL|KS). Type: Shooter. Played 1863 times. Price: $1897000. Kurvv4|eps
[23:04:49] [Shooter] AFK Detector: Bonsai destroyed!
[23:04:54] [Shooter] [Shooter] ;^)yprooo ft. DeaDPooL|Ks - Simple map II ! (by ;^)yprooo=w=  DeaDPooL|KS). Type: Shooter. Played 1864 times. Price: $1898000. Kurvv4|eps
[23:05:20] [Shooter] AFK Detector: Bonsai kicked!
[23:06:28] [Global]  ★ REACTION TEST ★ Not enough players!
[23:10:14] [Global]  ★ REACTION TEST ★ Not enough players!
[23:12:00] [Global]  * Next map will be a Challenge on Lemon: Going-Down3
[23:13:18] [Global]  * Next map will be a Challenge on Lemon: Going-Down3
[23:15:20] [Lemon] Bonsai came here from ,   ()
[23:15:20] [Lemon] Moonlight in Vodka (by Scorpion ft. Sealine). Type: Oldschool. Played 984 times. Price: $990000. ~xRz~Lio//\//
[23:15:42] [Global]  ★ REACTION TEST ★ Not enough players!
[23:18:55] [Global]  ★ REACTION TEST ★ Not enough players!
[23:21:59] [Global]  * Next map will be a Challenge on Lemon: Moonlight in Vodka
[23:24:58] [Global]  ★ REACTION TEST ★ Not enough players!
