[13:05:51] [Global]  * Next map will be a Challenge on Lemon: Running Away 2
[13:08:04] [Global]  ★ REACTION TEST ★ Not enough players!
[13:11:32] [Global]  ★ REACTION TEST ★ Not enough players!
[13:14:44] [Global]  ★ REACTION TEST ★ Not enough players!
[13:18:00] [Global]  ★ REACTION TEST ★ Not enough players!
[13:21:49] [Global]  ★ REACTION TEST ★ Not enough players!
[13:25:03] [Global]  ★ REACTION TEST ★ Not enough players!
[13:25:51] [Global]  * Next Challenge in: 0h 09m 59s on Red!
[13:28:08] [Global]  ★ REACTION TEST ★ Not enough players!
[13:31:26] [Global]  ★ REACTION TEST ★ Not enough players!
[13:34:51] [Global]  * Next Challenge in: 0h 00m 59s on Red!
[15:06:31] [Global]  * Next map will be a Challenge on Lemon: Running Away 2
[15:08:43] [Global]  * Next map will be a Challenge on Lemon: Moonlight in Vodka
[15:11:47] [Global]  * Next map will be a Challenge on Lemon: Sun
[15:13:40] [Global]  * Next map will be a Challenge on Lemon: Going-Down3
[15:16:13] [Global]  * Next map will be a Challenge on Lemon: Sun
[15:19:05] [Global]  ★ REACTION TEST ★ Not enough players!
[15:24:03] [Global]  * Next map will be a Challenge on Lemon: Vortex 6 DD Until Its Perfect
[15:25:08] [Global]  * Next map will be a Challenge on Lemon: Vortex 6 DD Until Its Perfect
[15:27:50] [Global]  ★ REACTION TEST ★ Not enough players!
[15:29:22] [Global]  * Next map will be a Challenge on Lemon: Moonlight in Vodka
[15:32:20] [Global]  * Next map will be a Challenge on Lemon: Running Away 2
[15:33:55] [Training] Bonsai came here from ,   ()
[15:34:23] [Lemon] Bonsai came here from ,   ()
[15:34:23] [Lemon] Moonlight in Vodka (by Scorpion ft. Sealine). Type: Oldschool. Played 982 times. Price: $988000. ~xRz~Lio//\//
[15:35:14] [Global]  ★ REACTION TEST ★ Not enough players!
[15:38:24] [Global]  * Next map will be a Challenge on Lemon: Sun
[15:42:51] [Global]  * Next map will be a Challenge on Lemon: Moonlight in Vodka
[15:45:05] [Global]  ★ REACTION TEST ★ Not enough players!
[15:48:23] [Global]  ★ REACTION TEST ★ Not enough players!
[15:51:06] [Global]  * Next map will be a Challenge on Lemon: Sun
[15:53:38] [Global]  ★ REACTION TEST ★ Not enough players!
[15:57:05] [Global]  ★ REACTION TEST ★ Not enough players!
