[00:01:38] [Global]  ★ REACTION TEST ★ Not enough players!
[00:04:25] [Global]  * Next map will be a Challenge on Lemon: Going-Down3
[00:06:14] [Training] Bonsai came here from ,   ()
[00:07:12] [Global]  ★ REACTION TEST ★ Not enough players!
[00:08:03] [Training] Bonsai came here from ,   ()
[00:11:00] [Global]  ★ REACTION TEST ★ Not enough players!
[00:14:27] [Global]  ★ REACTION TEST ★ Not enough players!
[00:18:00] [Global]  ★ REACTION TEST ★ Not enough players!
[00:21:02] [Global]  ★ REACTION TEST ★ Not enough players!
[00:23:48] [Global]  * Next map will be a Challenge on Lemon: Sun
[00:26:12] [Global]  ★ REACTION TEST ★ Not enough players!
[00:29:20] [Global]  ★ REACTION TEST ★ Not enough players!
[00:32:49] [Global]  ★ REACTION TEST ★ Not enough players!
[00:36:51] [Lemon] Bonsai came here from ,   ()
[00:36:52] [Global]  * Next map will be a Challenge on Lemon: Running Away 2
[00:36:52] [Lemon] Vortex 6 DD Until Its Perfect (by Vortex). Type: Oldschool. Played 462 times. Price: $462000. No Owner
[00:37:48] [Lemon] AFK Detector: Bonsai destroyed!
[00:37:53] [Lemon] * This map is a Challenge! Top 3 players will earn a prize!
[00:37:53] [Lemon] Running Away 2 (by [FOTL]Ryan and Bonsiak). Type: Oldschool. Played 560 times. Price: $576000. SupremeGunner32|eps
[00:38:10] [Lemon] Bonsai came here from ,   ()
[00:38:11] [Lemon] Running Away 2 (by [FOTL]Ryan and Bonsiak). Type: Oldschool. Played 561 times. Price: $577000. SupremeGunner32|eps
[00:39:08] [Global]  * Next map will be a Challenge on Lemon: Sun
[00:39:45] [Lemon] Bonsai came here from ,   ()
[00:39:46] [Lemon] Going-Down3 (by Hedning). Type: Oldschool. Played 12 times. Price: $12000. No Owner
[00:40:42] [Global]  * Next map will be a Challenge on Lemon: Going-Down3
[00:41:11] [Lemon] AFK Detector: Bonsai destroyed!
[00:41:41] [Lemon] AFK Detector: Bonsai destroyed!
[00:42:50] [Global]  * Next map will be a Challenge on Lemon: Going-Down3
[00:45:06] [Global]  * Next map will be a Challenge on Lemon: Running Away 2
[00:45:27] [Lemon] Bonsai came here from ,   ()
[00:45:27] [Lemon] Going-Down3 (by Hedning). Type: Oldschool. Played 13 times. Price: $13000. No Owner
[00:45:52] [Lemon] AFK Detector: Bonsai destroyed!
[00:46:09] [Lemon] <Bonsai> Next Challenge in: 0h 28m 56s on Red!
[00:47:31] [Global]  ★ REACTION TEST ★ Not enough players!
[00:47:32] [Lemon] AFK Detector: Bonsai destroyed!
[00:50:11] [Global]  * Next map will be a Challenge on Lemon: Vortex 6 DD Until Its Perfect
[00:52:30] [Global]  ★ REACTION TEST ★ Not enough players!
[00:54:08] [Global]  * Next map will be a Challenge on Lemon: Sun
[00:56:24] [Global]  ★ REACTION TEST ★ Not enough players!
[00:59:51] [Global]  ★ REACTION TEST ★ Not enough players!
[01:01:46] [Global]  * Next map will be a Challenge on Lemon: Running Away 2
[01:02:05] [Lemon] Bonsai came here from ,   ()
[01:02:06] [Lemon] * This map is a Challenge! Top 3 players will earn a prize!
[01:02:06] [Lemon] Running Away 2 (by [FOTL]Ryan and Bonsiak). Type: Oldschool. Played 562 times. Price: $578000. SupremeGunner32|eps
[01:04:01] [Global]  ★ REACTION TEST ★ Not enough players!
[14:01:22] [Global]  * Next map will be a Challenge on Lemon: Vortex 6 DD Until Its Perfect
[14:03:35] [Global]  ★ REACTION TEST ★ Not enough players!
[14:06:46] [Global]  ★ REACTION TEST ★ Not enough players!
[14:10:20] [Global]  ★ REACTION TEST ★ Not enough players!
[14:14:15] [Global]  ★ REACTION TEST ★ Not enough players!
[14:17:42] [Global]  ★ REACTION TEST ★ Not enough players!
[14:20:43] [Global]  ★ REACTION TEST ★ Not enough players!
[14:21:22] [Global]  * Next Challenge in: 0h 09m 59s on Red!
[14:24:11] [Global]  ★ REACTION TEST ★ Not enough players!
[14:27:37] [Global]  ★ REACTION TEST ★ Not enough players!
[14:30:22] [Global]  * Next Challenge in: 0h 00m 59s on Red!
[14:31:22] [Global]  * Next map will be a Challenge on Red: Infernus 9 DD (1)
[14:31:35] [Global]  ★ REACTION TEST ★ Not enough players!
[14:35:20] [Global]  ★ REACTION TEST ★ Not enough players!
[14:38:50] [Global]  ★ REACTION TEST ★ Not enough players!
[14:42:17] [Global]  ★ REACTION TEST ★ Not enough players!
[14:45:58] [Global]  ★ REACTION TEST ★ Not enough players!
[14:49:52] [Global]  ★ REACTION TEST ★ Not enough players!
[14:51:22] [Global]  * Next Challenge in: 0h 09m 59s on Night!
[14:56:25] [Global]  * Next map will be a Challenge on Lemon: Going-Down3
[14:58:56] [Global]  ★ REACTION TEST ★ Not enough players!
[15:02:20] [Global]  ★ REACTION TEST ★ Not enough players!
[15:06:21] [Lemon] Bonsai came here from ,   ()
[15:06:21] [Lemon] Sun (by [FOTL]Ryan feat. Bonsiak). Type: Oldschool. Played 649 times. Price: $680000. BreakXr
[15:06:57] [Lemon] AFK Detector: Bonsai destroyed!
[15:07:11] [Lemon] Vortex 6 DD Until Its Perfect (by Vortex). Type: Oldschool. Played 463 times. Price: $463000. No Owner
[15:07:17] [Global]  * Next map will be a Challenge on Lemon: Going-Down3
[15:07:54] [Red] Bonsai came here from ,   ()
[15:07:55] [Red] Wankenstein by Ravager (by Unknown). Type: Classic. Played 9 times. Price: $10000. RejaX~
[15:08:20] [Red] AFK Detector: Bonsai destroyed!
[15:08:41] [Lemon] Bonsai came here from ,   ()
[15:08:41] [Lemon] Sun (by [FOTL]Ryan feat. Bonsiak). Type: Oldschool. Played 650 times. Price: $681000. BreakXr
[15:08:59] [Lemon] Bonsai came here from ,   ()
[15:09:00] [Lemon] Going-Down3 (by Hedning). Type: Oldschool. Played 14 times. Price: $14000. No Owner
[15:09:35] [Lemon] AFK Detector: Bonsai destroyed!
[15:10:01] [Lemon] Bonsai came here from ,   ()
[15:10:02] [Lemon] Vortex 6 DD Until Its Perfect (by Vortex). Type: Oldschool. Played 464 times. Price: $464000. No Owner
[15:10:48] [Global]  * Next map will be a Challenge on Lemon: Moonlight in Vodka
[15:13:14] [Global]  * Next map will be a Challenge on Lemon: Moonlight in Vodka
[15:15:42] [Global]  ★ REACTION TEST ★ Not enough players!
[15:18:47] [Global]  ★ REACTION TEST ★ Not enough players!
[15:21:48] [Global]  * Next map will be a Challenge on Lemon: Sun
[15:23:48] [Global]  ★ REACTION TEST ★ Not enough players!
[15:30:12] [Global]  * Next map will be a Challenge on Lemon: Running Away 2
[15:33:07] [Global]  * Next map will be a Challenge on Lemon: Running Away 2
[15:35:17] [Global]  ★ REACTION TEST ★ Not enough players!
[15:38:56] [Global]  ★ REACTION TEST ★ Not enough players!
[15:40:11] [Global]  * Next map will be a Challenge on Lemon: Moonlight in Vodka
[15:42:35] [Global]  ★ REACTION TEST ★ Not enough players!
[15:44:07] [Global]  * Next map will be a Challenge on Lemon: Vortex 6 DD Until Its Perfect
[15:45:39] [Global]  * Next map will be a Challenge on Lemon: Running Away 2
[15:48:28] [Global]  ★ REACTION TEST ★ Not enough players!
[15:52:18] [Global]  ★ REACTION TEST ★ Not enough players!
[15:56:17] [Global]  ★ REACTION TEST ★ Not enough players!
[16:00:12] [Global]  ★ REACTION TEST ★ Not enough players!
[16:03:48] [Global]  ★ REACTION TEST ★ Not enough players!
[16:05:39] [Global]  * Next Challenge in: 0h 09m 59s on Red!
[16:07:05] [Global]  ★ REACTION TEST ★ Not enough players!
[16:10:56] [Global]  ★ REACTION TEST ★ Not enough players!
[16:14:22] [Global]  ★ REACTION TEST ★ Not enough players!
[16:14:39] [Global]  * Next Challenge in: 0h 00m 59s on Red!
[16:15:39] [Global]  * Next map will be a Challenge on Red: Crixalis 2 DD
[16:18:15] [Global]  ★ REACTION TEST ★ Not enough players!
[16:21:22] [Global]  ★ REACTION TEST ★ Not enough players!
[16:24:49] [Global]  ★ REACTION TEST ★ Not enough players!
[16:27:02] [Global]  * Next map will be a Challenge on Lemon: Moonlight in Vodka
[16:29:43] [Global]  ★ REACTION TEST ★ Not enough players!
[16:33:43] [Global]  ★ REACTION TEST ★ Not enough players!
[16:35:04] [Global]  * Next map will be a Challenge on Lemon: Vortex 6 DD Until Its Perfect
[16:37:36] [Global]  ★ REACTION TEST ★ Not enough players!
[16:40:47] [Global]  ★ REACTION TEST ★ Not enough players!
[16:43:56] [Global]  ★ REACTION TEST ★ Not enough players!
[16:47:08] [Global]  ★ REACTION TEST ★ Not enough players!
[16:50:13] [Global]  ★ REACTION TEST ★ Not enough players!
[16:53:50] [Global]  ★ REACTION TEST ★ Not enough players!
[16:55:04] [Global]  * Next Challenge in: 0h 09m 59s on Red!
[16:57:41] [Global]  * Next map will be a Challenge on Lemon: Running Away 2
[16:59:46] [Global]  * Next map will be a Challenge on Lemon: Going-Down3
[17:01:51] [Global]  ★ REACTION TEST ★ Not enough players!
[17:05:03] [Global]  ★ REACTION TEST ★ Not enough players!
[17:08:19] [Global]  ★ REACTION TEST ★ Not enough players!
[17:12:06] [Global]  ★ REACTION TEST ★ Not enough players!
[17:15:58] [Global]  ★ REACTION TEST ★ Not enough players!
[17:19:17] [Global]  ★ REACTION TEST ★ Not enough players!
[17:19:46] [Global]  * Next Challenge in: 0h 09m 59s on Red!
