[11:34:59] [Global]  * Next map will be a Challenge on Lemon: Sun
[11:37:02] [Global]  ★ REACTION TEST ★ Not enough players!
[11:40:27] [Global]  ★ REACTION TEST ★ Not enough players!
[11:43:51] [Global]  ★ REACTION TEST ★ Not enough players!
[11:47:18] [Global]  ★ REACTION TEST ★ Not enough players!
[11:51:07] [Global]  ★ REACTION TEST ★ Not enough players!
[11:54:12] [Global]  ★ REACTION TEST ★ Not enough players!
[11:54:59] [Global]  * Next Challenge in: 0h 09m 59s on Red!
[11:58:01] [Global]  ★ REACTION TEST ★ Not enough players!
[12:01:37] [Global]  ★ REACTION TEST ★ Not enough players!
[12:03:59] [Global]  * Next Challenge in: 0h 00m 59s on Red!
[12:04:59] [Global]  * Next map will be a Challenge on Red: Jump 3 DD
[12:05:35] [Global]  ★ REACTION TEST ★ Not enough players!
[12:09:34] [Global]  ★ REACTION TEST ★ Not enough players!
[12:13:07] [Global]  ★ REACTION TEST ★ Not enough players!
[12:16:54] [Global]  ★ REACTION TEST ★ Not enough players!
[12:20:40] [Global]  ★ REACTION TEST ★ Not enough players!
[12:24:27] [Global]  ★ REACTION TEST ★ Not enough players!
[12:24:59] [Global]  * Next Challenge in: 0h 09m 59s on Night!
[12:27:52] [Global]  ★ REACTION TEST ★ Not enough players!
[12:31:10] [Global]  ★ REACTION TEST ★ Not enough players!
[12:33:59] [Global]  * Next Challenge in: 0h 00m 59s on Night!
[12:34:35] [Global]  ★ REACTION TEST ★ Not enough players!
[12:34:59] [Global]  * Next map will be a Challenge on Night: Skull Insomnia
[12:38:29] [Global]  ★ REACTION TEST ★ Not enough players!
[12:41:44] [Global]  ★ REACTION TEST ★ Not enough players!
[12:45:42] [Global]  ★ REACTION TEST ★ Not enough players!
[12:48:51] [Global]  * Next map will be a Challenge on Lemon: Going-Down3
[12:51:50] [Global]  ★ REACTION TEST ★ Not enough players!
[12:54:54] [Global]  ★ REACTION TEST ★ Not enough players!
[12:58:13] [Test] Bonsai came here from ,   ()
[12:58:57] [awdwad] Bonsai came here from ,   ()
[12:59:00] [Global]  * Next map will be a Challenge on Lemon: Going-Down3
[13:01:52] [Global]  ★ REACTION TEST ★ Not enough players!
[13:02:42] [awdawd] Bonsai came here from ,   ()
[13:03:14] [Global]  * Next map will be a Challenge on Lemon: Sun
[13:04:23] [Global]  * Next map will be a Challenge on Lemon: Going-Down3
[13:06:39] [Global]  ★ REACTION TEST ★ Not enough players!
[13:09:56] [Global]  ★ REACTION TEST ★ Not enough players!
[13:13:47] [Global]  ★ REACTION TEST ★ Not enough players!
[13:17:19] [Global]  ★ REACTION TEST ★ Not enough players!
[13:21:03] [Global]  ★ REACTION TEST ★ Not enough players!
[20:30:17] [Global]  * Next map will be a Challenge on Lemon: Vortex 6 DD Until Its Perfect
[20:32:52] [Global]  ★ REACTION TEST ★ Not enough players!
[20:36:29] [Global]  ★ REACTION TEST ★ Not enough players!
[20:39:35] [Global]  ★ REACTION TEST ★ Not enough players!
[20:42:52] [Global]  ★ REACTION TEST ★ Not enough players!
[20:46:10] [Global]  ★ REACTION TEST ★ Not enough players!
[20:49:59] [Global]  ★ REACTION TEST ★ Not enough players!
[20:50:17] [Global]  * Next Challenge in: 0h 09m 59s on Red!
[20:53:07] [Global]  ★ REACTION TEST ★ Not enough players!
[20:56:30] [Global]  ★ REACTION TEST ★ Not enough players!
[20:59:17] [Global]  * Next Challenge in: 0h 00m 59s on Red!
[20:59:56] [Global]  ★ REACTION TEST ★ Not enough players!
[21:00:17] [Global]  * Next map will be a Challenge on Red: Crixalis DD
