[16:20:31] [Global]  * Next map will be a Challenge on Lemon: Sun
[16:23:15] [Global]  ★ REACTION TEST ★ Not enough players!
[16:27:11] [Global]  ★ REACTION TEST ★ Not enough players!
[16:30:26] [Global]  ★ REACTION TEST ★ Not enough players!
[16:33:56] [Global]  ★ REACTION TEST ★ Not enough players!
[16:37:31] [Global]  ★ REACTION TEST ★ Not enough players!
[16:40:31] [Global]  * Next Challenge in: 0h 09m 59s on Red!
[16:41:18] [Global]  ★ REACTION TEST ★ Not enough players!
[16:44:29] [Global]  ★ REACTION TEST ★ Not enough players!
[16:47:06] [Global]  * Next map will be a Challenge on Lemon: Vortex 6 DD Until Its Perfect
[16:48:54] [Global]  * Next map will be a Challenge on Lemon: Moonlight in Vodka
[16:49:55] [Global]  ★ REACTION TEST ★ Not enough players!
[16:51:06] [Global]  * Next map will be a Challenge on Lemon: Moonlight in Vodka
[16:53:24] [Global]  ★ REACTION TEST ★ Not enough players!
[16:56:40] [Global]  ★ REACTION TEST ★ Not enough players!
[17:00:24] [Global]  ★ REACTION TEST ★ Not enough players!
[17:01:55] [Global]  * Next map will be a Challenge on Lemon: Moonlight in Vodka
[17:04:44] [Global]  ★ REACTION TEST ★ Not enough players!
[17:08:06] [Global]  ★ REACTION TEST ★ Not enough players!
[17:11:59] [Lemon] Bonsai came here from ,   ()
[17:11:59] [Lemon] Moonlight in Vodka (by Scorpion ft. Sealine). Type: Oldschool. Played 944 times. Price: $950000. Lio//\//
[17:12:24] [Red] Bonsai came here from ,   ()
[17:12:24] [Red] iTunes DD (by -nBo-Heineken). Type: Classic. Played 1180 times. Price: $1193000. SupremeGunner32|eps
[17:12:55] [Global]  * Next map will be a Challenge on Lemon: Sun
[17:12:59] [Red] AFK Detector: Bonsai destroyed!
[17:13:12] [Red] Veter 3 DD (by Unknown). Type: Classic. Played 643 times. Price: $649000. BreakXr
[17:13:57] [Red] AFK Detector: Bonsai destroyed!
[17:14:11] [Red] NirVaNa DD (by .::Hitm@n::.). Type: Classic. Played 685 times. Price: $688000. No Owner
[17:14:36] [Red] AFK Detector: Bonsai kicked!
[17:15:00] [Global]  ★ REACTION TEST ★ Not enough players!
[17:18:40] [Global]  ★ REACTION TEST ★ Not enough players!
[17:22:20] [Global]  ★ REACTION TEST ★ Not enough players!
[17:25:50] [Global]  ★ REACTION TEST ★ Not enough players!
[17:29:11] [Global]  ★ REACTION TEST ★ Not enough players!
[17:32:46] [Global]  ★ REACTION TEST ★ Not enough players!
[17:32:55] [Global]  * Next Challenge in: 0h 09m 59s on Red!
[17:36:08] [Global]  ★ REACTION TEST ★ Not enough players!
[17:39:12] [Global]  ★ REACTION TEST ★ Not enough players!
[17:41:55] [Global]  * Next Challenge in: 0h 00m 59s on Red!
[17:42:33] [Global]  ★ REACTION TEST ★ Not enough players!
[17:42:55] [Global]  * Next map will be a Challenge on Red: SeReGa DD
[17:46:04] [Global]  ★ REACTION TEST ★ Not enough players!
[17:49:21] [Global]  ★ REACTION TEST ★ Not enough players!
[17:52:29] [Global]  ★ REACTION TEST ★ Not enough players!
[17:55:35] [Global]  ★ REACTION TEST ★ Not enough players!
[17:58:44] [Global]  ★ REACTION TEST ★ Not enough players!
[17:59:17] [Lobby] <Bonsai> Next Challenge in: 0h 13m 38s on Night!
[18:03:31] [Global]  * Next map will be a Challenge on Lemon: Sun
[18:05:38] [Global]  * Next map will be a Challenge on Lemon: Running Away 2
[18:06:47] [Global]  * Next map will be a Challenge on Lemon: Sun
[18:08:13] [Global]  * Next map will be a Challenge on Lemon: Moonlight in Vodka
[18:11:53] [Global]  * Next map will be a Challenge on Lemon: Moonlight in Vodka
[18:13:54] [Global]  ★ REACTION TEST ★ Not enough players!
[18:18:00] [Global]  * Next map will be a Challenge on Lemon: Moonlight in Vodka
[18:21:00] [Global]  ★ REACTION TEST ★ Not enough players!
[18:23:02] [Shooter] Bonsai came here from ,   ()
[18:23:03] [Shooter] [SHOOTER] Sarah - Penis Shooter Arena (by Sarah). Type: Shooter. Played 1 times. Price: $1000. No Owner
[18:23:38] [Shooter] AFK Detector: Bonsai destroyed!
[18:23:43] [Shooter] [Shooter] The Big Bang Theory -IV- (by ExXoTicC). Type: Shooter. Played 1910 times. Price: $1958000. SupremeGunner32|eps
[18:24:02] [Global]  * Next map will be a Challenge on Lemon: Going-Down3
[18:24:09] [Shooter] AFK Detector: Bonsai kicked!
[18:24:41] [Lemon] Bonsai came here from ,   ()
[18:24:41] [Lemon] Moonlight in Vodka (by Scorpion ft. Sealine). Type: Oldschool. Played 945 times. Price: $951000. Lio//\//
[18:25:34] [Global]  * Next map will be a Challenge on Lemon: Vortex 6 DD Until Its Perfect
[18:27:34] [Global]  ★ REACTION TEST ★ Not enough players!
[18:31:18] [Global]  ★ REACTION TEST ★ Not enough players!
[18:35:06] [Global]  ★ REACTION TEST ★ Not enough players!
[18:38:59] [Global]  ★ REACTION TEST ★ Not enough players!
[18:42:29] [Global]  ★ REACTION TEST ★ Not enough players!
[18:45:34] [Global]  * Next Challenge in: 0h 09m 59s on Red!
[18:45:46] [Global]  ★ REACTION TEST ★ Not enough players!
[18:48:51] [Global]  ★ REACTION TEST ★ Not enough players!
[18:52:48] [Global]  ★ REACTION TEST ★ Not enough players!
[18:54:34] [Global]  * Next Challenge in: 0h 00m 59s on Red!
[18:55:34] [Global]  * Next map will be a Challenge on Red: Bridge DD by EMin3M
[18:56:38] [Global]  * Next map will be a Challenge on Lemon: Vortex 6 DD Until Its Perfect
[18:57:43] [Global]  * Next map will be a Challenge on Lemon: Going-Down3
[18:59:09] [Global]  * Next map will be a Challenge on Lemon: Running Away 2
[19:01:35] [Global]  ★ REACTION TEST ★ Not enough players!
[19:04:51] [Global]  ★ REACTION TEST ★ Not enough players!
[19:08:04] [Global]  ★ REACTION TEST ★ Not enough players!
[19:09:44] [Lemon] Bonsai came here from ,   ()
[19:09:45] [Lemon] Vortex 6 DD Until Its Perfect (by Vortex). Type: Oldschool. Played 461 times. Price: $461000. No Owner
[19:10:03] [Red] Bonsai came here from ,   ()
[19:10:03] [Red] GAGA DD Reconstruction (by Unknown). Type: Classic. Played 672 times. Price: $682000. No Owner
[19:11:37] [Global]  ★ REACTION TEST ★ Not enough players!
[19:15:09] [Global]  ★ REACTION TEST ★ Not enough players!
[19:18:58] [Global]  ★ REACTION TEST ★ Not enough players!
[19:19:09] [Global]  * Next Challenge in: 0h 09m 59s on Red!
[19:22:56] [Global]  ★ REACTION TEST ★ Not enough players!
[19:26:17] [Global]  ★ REACTION TEST ★ Not enough players!
[19:28:09] [Global]  * Next Challenge in: 0h 01m 00s on Red!
[19:29:09] [Global]  * Next map will be a Challenge on Red: Perfect Jumps 2 DD
[19:29:55] [Global]  ★ REACTION TEST ★ Not enough players!
[19:33:03] [Global]  ★ REACTION TEST ★ Not enough players!
[19:36:25] [Global]  ★ REACTION TEST ★ Not enough players!
[19:40:37] [Global]  * Next map will be a Challenge on Lemon: Sun
[19:42:36] [Global]  ★ REACTION TEST ★ Not enough players!
[19:46:09] [Global]  ★ REACTION TEST ★ Not enough players!
[19:49:33] [Global]  ★ REACTION TEST ★ Not enough players!
[19:52:56] [Global]  ★ REACTION TEST ★ Not enough players!
[19:56:12] [Global]  ★ REACTION TEST ★ Not enough players!
[20:00:12] [Global]  ★ REACTION TEST ★ Not enough players!
[20:00:37] [Global]  * Next Challenge in: 0h 10m 00s on Red!
[20:03:57] [Global]  ★ REACTION TEST ★ Not enough players!
[20:07:55] [Global]  ★ REACTION TEST ★ Not enough players!
[20:09:37] [Global]  * Next Challenge in: 0h 00m 59s on Red!
[20:10:37] [Global]  * Next map will be a Challenge on Red: Veter DD
[20:11:41] [Global]  ★ REACTION TEST ★ Not enough players!
[20:15:10] [Global]  ★ REACTION TEST ★ Not enough players!
[20:18:16] [Global]  ★ REACTION TEST ★ Not enough players!
[20:21:55] [Global]  ★ REACTION TEST ★ Not enough players!
[20:25:01] [Global]  ★ REACTION TEST ★ Not enough players!
[20:28:56] [Global]  ★ REACTION TEST ★ Not enough players!
[20:30:37] [Global]  * Next Challenge in: 0h 09m 59s on Night!
[20:32:19] [Global]  ★ REACTION TEST ★ Not enough players!
[20:35:55] [Global]  ★ REACTION TEST ★ Not enough players!
[20:39:37] [Global]  * Next Challenge in: 0h 00m 59s on Night!
[20:39:43] [Global]  ★ REACTION TEST ★ Not enough players!
[20:40:37] [Global]  * Next map will be a Challenge on Night: Luminous DD
[20:43:12] [Global]  ★ REACTION TEST ★ Not enough players!
[20:46:53] [Global]  ★ REACTION TEST ★ Not enough players!
[20:50:32] [Global]  ★ REACTION TEST ★ Not enough players!
[20:54:21] [Global]  ★ REACTION TEST ★ Not enough players!
[20:58:08] [Global]  ★ REACTION TEST ★ Not enough players!
[21:00:37] [Global]  * Next Challenge in: 0h 09m 59s on Pink!
[21:01:56] [Global]  ★ REACTION TEST ★ Not enough players!
[21:05:03] [Global]  ★ REACTION TEST ★ Not enough players!
[21:08:39] [Global]  ★ REACTION TEST ★ Not enough players!
[21:09:37] [Global]  * Next Challenge in: 0h 00m 59s on Pink!
[21:10:37] [Global]  * Next map will be a Challenge on Pink: [RACE] The Launch 2
[23:05:24] [Global]  * Next map will be a Challenge on Lemon: Vortex 6 DD Until Its Perfect
[23:07:52] [Global]  ★ REACTION TEST ★ Not enough players!
[23:11:54] [Training] Bonsai came here from ,   ()
[23:12:47] [Global]  * Next map will be a Challenge on Lemon: Vortex 6 DD Until Its Perfect
[23:15:26] [Global]  ★ REACTION TEST ★ Not enough players!
[23:19:43] [Global]  * Next map will be a Challenge on Lemon: Sun
[23:22:17] [Global]  ★ REACTION TEST ★ Not enough players!
[23:25:19] [Global]  ★ REACTION TEST ★ Not enough players!
[23:29:22] [Night] Bonsai came here from ,   ()
[23:29:23] [Night] Summit DD (by Lukas^^). Type: Modern. Played 1 times. Price: $1000. No Owner
[23:30:51] [Global]  * Next map will be a Challenge on Lemon: Moonlight in Vodka
[23:32:12] [Global]  * Next map will be a Challenge on Lemon: Running Away 2
[23:35:02] [Global]  ★ REACTION TEST ★ Not enough players!
[23:38:58] [Global]  ★ REACTION TEST ★ Not enough players!
[23:42:40] [Global]  ★ REACTION TEST ★ Not enough players!
[23:46:19] [Global]  ★ REACTION TEST ★ Not enough players!
[23:49:53] [Global]  * Next map will be a Challenge on Lemon: Moonlight in Vodka
[23:52:34] [Global]  ★ REACTION TEST ★ Not enough players!
[23:56:22] [Global]  * Next map will be a Challenge on Lemon: Sun
[23:58:36] [Global]  ★ REACTION TEST ★ Not enough players!
