[22:25:20] [Global]  * Next map will be a Challenge on Lemon: Going-Down3
[22:27:51] [Global]  ★ REACTION TEST ★ Not enough players!
[22:31:44] [Global]  ★ REACTION TEST ★ Not enough players!
[22:34:52] [Global]  ★ REACTION TEST ★ Not enough players!
[22:38:35] [Global]  ★ REACTION TEST ★ Not enough players!
[22:42:00] [Global]  ★ REACTION TEST ★ Not enough players!
[22:45:02] [Global]  ★ REACTION TEST ★ Not enough players!
[22:45:20] [Global]  * Next Challenge in: 0h 09m 59s on Red!
[22:48:44] [Global]  ★ REACTION TEST ★ Not enough players!
[22:52:06] [Global]  ★ REACTION TEST ★ Not enough players!
[22:54:20] [Global]  * Next Challenge in: 0h 00m 59s on Red!
[22:55:14] [Global]  ★ REACTION TEST ★ Not enough players!
[22:55:20] [Global]  * Next map will be a Challenge on Red: Pacman Chase
[22:59:07] [Global]  ★ REACTION TEST ★ Not enough players!
[23:02:35] [Global]  ★ REACTION TEST ★ Not enough players!
[23:05:55] [Global]  ★ REACTION TEST ★ Not enough players!
[23:09:15] [Global]  ★ REACTION TEST ★ Not enough players!
[23:12:59] [Global]  ★ REACTION TEST ★ Not enough players!
[23:15:21] [Global]  * Next Challenge in: 0h 09m 59s on Night!
[23:15:59] [Global]  ★ REACTION TEST ★ Not enough players!
[23:19:28] [Global]  ★ REACTION TEST ★ Not enough players!
[23:23:14] [Global]  ★ REACTION TEST ★ Not enough players!
[23:24:21] [Global]  * Next Challenge in: 0h 00m 59s on Night!
[23:25:21] [Global]  * Next map will be a Challenge on Night: Morde is OP
[23:26:25] [Global]  ★ REACTION TEST ★ Not enough players!
