[00:01:51] [Global]  ★ REACTION TEST ★ Not enough players!
[00:05:08] [Global]  ★ REACTION TEST ★ Not enough players!
[00:09:01] [Global]  ★ REACTION TEST ★ Not enough players!
[00:12:13] [Global]  ★ REACTION TEST ★ Not enough players!
[00:15:57] [Global]  ★ REACTION TEST ★ Not enough players!
[00:17:35] [Training] Bonsai came here from ,   ()
[16:59:38] [Global]  * Next map will be a Challenge on Lemon: Sun
[17:02:26] [Global]  ★ REACTION TEST ★ Not enough players!
[17:06:20] [Global]  ★ REACTION TEST ★ Not enough players!
[18:13:04] [Global]  * Next map will be a Challenge on Lemon: Running Away 2
[18:15:43] [Global]  ★ REACTION TEST ★ Not enough players!
[18:19:41] [Global]  ★ REACTION TEST ★ Not enough players!
[18:22:41] [Global]  ★ REACTION TEST ★ Not enough players!
[18:26:25] [Global]  ★ REACTION TEST ★ Not enough players!
[18:29:55] [Global]  ★ REACTION TEST ★ Not enough players!
[18:33:04] [Global]  * Next Challenge in: 0h 09m 59s on Red!
[18:33:23] [Global]  ★ REACTION TEST ★ Not enough players!
[18:37:00] [Global]  ★ REACTION TEST ★ Not enough players!
[18:40:07] [Global]  ★ REACTION TEST ★ Not enough players!
[18:42:04] [Global]  * Next Challenge in: 0h 00m 59s on Red!
[18:43:04] [Global]  * Next map will be a Challenge on Red: Pacman Chase
[18:43:31] [Global]  ★ REACTION TEST ★ Not enough players!
[18:47:14] [Global]  ★ REACTION TEST ★ Not enough players!
[18:51:03] [Global]  ★ REACTION TEST ★ Not enough players!
[18:54:30] [Global]  ★ REACTION TEST ★ Not enough players!
[18:57:57] [Global]  ★ REACTION TEST ★ Not enough players!
[19:00:59] [Global]  ★ REACTION TEST ★ Not enough players!
[19:03:04] [Global]  * Next Challenge in: 0h 09m 59s on Night!
[19:04:06] [Global]  ★ REACTION TEST ★ Not enough players!
[19:08:04] [Global]  ★ REACTION TEST ★ Not enough players!
[19:11:43] [Global]  ★ REACTION TEST ★ Not enough players!
[19:12:04] [Global]  * Next Challenge in: 0h 00m 59s on Night!
[19:13:04] [Global]  * Next map will be a Challenge on Night: [DM] Gteatero - Noxious Force
[19:15:17] [Global]  * Next map will be a Challenge on Lemon: Sun
[19:17:16] [Global]  * Next map will be a Challenge on Lemon: Sun
[19:19:17] [Global]  * Next map will be a Challenge on Lemon: Sun
[19:21:28] [Global]  ★ REACTION TEST ★ Not enough players!
[19:23:05] [Global]  * Next map will be a Challenge on Lemon: Going-Down3
[19:24:52] [Global]  * Next map will be a Challenge on Lemon: Sun
[19:27:09] [Global]  ★ REACTION TEST ★ Not enough players!
[19:31:03] [Global]  ★ REACTION TEST ★ Not enough players!
[19:34:53] [Global]  ★ REACTION TEST ★ Not enough players!
[19:38:40] [Global]  ★ REACTION TEST ★ Not enough players!
[19:42:23] [Global]  ★ REACTION TEST ★ Not enough players!
[19:44:52] [Global]  * Next Challenge in: 0h 09m 59s on Red!
[19:45:42] [Global]  ★ REACTION TEST ★ Not enough players!
[19:48:42] [Global]  ★ REACTION TEST ★ Not enough players!
[19:51:50] [Global]  ★ REACTION TEST ★ Not enough players!
[19:53:53] [Global]  * Next Challenge in: 0h 00m 59s on Red!
[19:54:53] [Global]  * Next map will be a Challenge on Red: The King Of Vehicles
[19:55:05] [Global]  ★ REACTION TEST ★ Not enough players!
[19:58:46] [Global]  ★ REACTION TEST ★ Not enough players!
[20:01:53] [Global]  ★ REACTION TEST ★ Not enough players!
[20:05:36] [Global]  ★ REACTION TEST ★ Not enough players!
[20:09:09] [Global]  ★ REACTION TEST ★ Not enough players!
[20:12:43] [Global]  ★ REACTION TEST ★ Not enough players!
[20:14:53] [Global]  * Next Challenge in: 0h 09m 59s on Night!
[20:16:09] [Global]  ★ REACTION TEST ★ Not enough players!
[20:19:30] [Global]  ★ REACTION TEST ★ Not enough players!
[20:23:15] [Global]  ★ REACTION TEST ★ Not enough players!
[20:23:53] [Global]  * Next Challenge in: 0h 00m 59s on Night!
[20:24:53] [Global]  * Next map will be a Challenge on Night: Special Ability
[20:26:32] [Global]  ★ REACTION TEST ★ Not enough players!
[20:29:55] [Global]  ★ REACTION TEST ★ Not enough players!
[20:33:46] [Global]  ★ REACTION TEST ★ Not enough players!
[20:37:14] [Global]  ★ REACTION TEST ★ Not enough players!
[20:40:24] [Global]  ★ REACTION TEST ★ Not enough players!
[20:43:43] [Global]  ★ REACTION TEST ★ Not enough players!
[20:44:53] [Global]  * Next Challenge in: 0h 09m 59s on Pink!
[20:47:42] [Global]  ★ REACTION TEST ★ Not enough players!
[20:51:21] [Global]  ★ REACTION TEST ★ Not enough players!
[20:53:53] [Global]  * Next Challenge in: 0h 00m 59s on Pink!
[20:54:53] [Global]  * Next map will be a Challenge on Pink: [RACE] Close Racing 2009
[20:55:07] [Global]  ★ REACTION TEST ★ Not enough players!
[20:58:12] [Global]  ★ REACTION TEST ★ Not enough players!
[21:01:44] [Global]  ★ REACTION TEST ★ Not enough players!
[21:06:40] [Global]  * Next map will be a Challenge on Lemon: Moonlight in Vodka
[21:09:31] [Global]  ★ REACTION TEST ★ Not enough players!
[21:12:53] [Global]  ★ REACTION TEST ★ Not enough players!
[21:16:47] [Global]  ★ REACTION TEST ★ Not enough players!
[21:20:21] [Global]  ★ REACTION TEST ★ Not enough players!
[21:24:08] [Global]  ★ REACTION TEST ★ Not enough players!
